{"D:\\Work\\TBS II\\backend\\src\\middleware\\auth.ts": {"path":"D:\\Work\\TBS II\\backend\\src\\middleware\\auth.ts","statementMap":{"0":{"start":{"line":27,"column":0},"end":{"line":27,"column":7}},"1":{"start":{"line":83,"column":0},"end":{"line":83,"column":16}},"2":{"start":{"line":116,"column":0},"end":{"line":116,"column":16}},"3":{"start":{"line":2,"column":0},"end":{"line":2,"column":31}},"4":{"start":{"line":3,"column":0},"end":{"line":3,"column":35}},"5":{"start":{"line":4,"column":0},"end":{"line":4,"column":46}},"6":{"start":{"line":6,"column":15},"end":{"line":6,"column":33}},"7":{"start":{"line":7,"column":0},"end":{"line":7,"column":39}},"8":{"start":{"line":28,"column":21},"end":{"line":28,"column":49}},"9":{"start":{"line":29,"column":16},"end":{"line":29,"column":54}},"10":{"start":{"line":31,"column":2},"end":{"line":33,"column":3}},"11":{"start":{"line":32,"column":4},"end":{"line":32,"column":96}},"12":{"start":{"line":35,"column":2},"end":{"line":77,"column":3}},"13":{"start":{"line":37,"column":4},"end":{"line":42,"column":5}},"14":{"start":{"line":38,"column":28},"end":{"line":38,"column":71}},"15":{"start":{"line":39,"column":6},"end":{"line":41,"column":7}},"16":{"start":{"line":40,"column":8},"end":{"line":40,"column":113}},"17":{"start":{"line":43,"column":20},"end":{"line":43,"column":102}},"18":{"start":{"line":46,"column":17},"end":{"line":52,"column":6}},"19":{"start":{"line":54,"column":4},"end":{"line":56,"column":5}},"20":{"start":{"line":55,"column":6},"end":{"line":55,"column":111}},"21":{"start":{"line":59,"column":4},"end":{"line":64,"column":5}},"22":{"start":{"line":60,"column":29},"end":{"line":60,"column":57}},"23":{"start":{"line":61,"column":6},"end":{"line":63,"column":7}},"24":{"start":{"line":62,"column":8},"end":{"line":62,"column":127}},"25":{"start":{"line":66,"column":4},"end":{"line":72,"column":6}},"26":{"start":{"line":74,"column":4},"end":{"line":74,"column":11}},"27":{"start":{"line":76,"column":4},"end":{"line":76,"column":105}},"28":{"start":{"line":84,"column":2},"end":{"line":109,"column":4}},"29":{"start":{"line":85,"column":4},"end":{"line":87,"column":5}},"30":{"start":{"line":86,"column":6},"end":{"line":86,"column":61}},"31":{"start":{"line":89,"column":21},"end":{"line":89,"column":34}},"32":{"start":{"line":90,"column":24},"end":{"line":90,"column":44}},"33":{"start":{"line":93,"column":4},"end":{"line":95,"column":5}},"34":{"start":{"line":94,"column":6},"end":{"line":94,"column":20}},"35":{"start":{"line":98,"column":26},"end":{"line":99,"column":61}},"36":{"start":{"line":101,"column":4},"end":{"line":106,"column":5}},"37":{"start":{"line":102,"column":6},"end":{"line":105,"column":9}},"38":{"start":{"line":108,"column":4},"end":{"line":108,"column":11}},"39":{"start":{"line":117,"column":2},"end":{"line":119,"column":3}},"40":{"start":{"line":118,"column":4},"end":{"line":118,"column":59}},"41":{"start":{"line":121,"column":15},"end":{"line":121,"column":28}},"42":{"start":{"line":124,"column":2},"end":{"line":126,"column":3}},"43":{"start":{"line":125,"column":4},"end":{"line":125,"column":18}},"44":{"start":{"line":129,"column":2},"end":{"line":129,"column":9}}},"fnMap":{"0":{"name":"authenticateToken","decl":{"start":{"line":27,"column":22},"end":{"line":27,"column":39}},"loc":{"start":{"line":27,"column":100},"end":{"line":78,"column":1}}},"1":{"name":"requirePermission","decl":{"start":{"line":83,"column":16},"end":{"line":83,"column":33}},"loc":{"start":{"line":83,"column":60},"end":{"line":110,"column":1}}},"2":{"name":"(anonymous_3)","decl":{"start":{"line":84,"column":9},"end":{"line":84,"column":10}},"loc":{"start":{"line":84,"column":74},"end":{"line":109,"column":3}}},"3":{"name":"restrictToDepartment","decl":{"start":{"line":116,"column":16},"end":{"line":116,"column":36}},"loc":{"start":{"line":116,"column":97},"end":{"line":130,"column":1}}}},"branchMap":{"0":{"loc":{"start":{"line":29,"column":16},"end":{"line":29,"column":54}},"type":"binary-expr","locations":[{"start":{"line":29,"column":16},"end":{"line":29,"column":26}},{"start":{"line":29,"column":30},"end":{"line":29,"column":54}}]},"1":{"loc":{"start":{"line":31,"column":2},"end":{"line":33,"column":3}},"type":"if","locations":[{"start":{"line":31,"column":2},"end":{"line":33,"column":3}}]},"2":{"loc":{"start":{"line":37,"column":4},"end":{"line":42,"column":5}},"type":"if","locations":[{"start":{"line":37,"column":4},"end":{"line":42,"column":5}}]},"3":{"loc":{"start":{"line":37,"column":8},"end":{"line":37,"column":41}},"type":"binary-expr","locations":[{"start":{"line":37,"column":8},"end":{"line":37,"column":13}},{"start":{"line":37,"column":17},"end":{"line":37,"column":41}}]},"4":{"loc":{"start":{"line":39,"column":6},"end":{"line":41,"column":7}},"type":"if","locations":[{"start":{"line":39,"column":6},"end":{"line":41,"column":7}}]},"5":{"loc":{"start":{"line":54,"column":4},"end":{"line":56,"column":5}},"type":"if","locations":[{"start":{"line":54,"column":4},"end":{"line":56,"column":5}}]},"6":{"loc":{"start":{"line":59,"column":4},"end":{"line":64,"column":5}},"type":"if","locations":[{"start":{"line":59,"column":4},"end":{"line":64,"column":5}}]},"7":{"loc":{"start":{"line":59,"column":8},"end":{"line":59,"column":46}},"type":"binary-expr","locations":[{"start":{"line":59,"column":8},"end":{"line":59,"column":31}},{"start":{"line":59,"column":35},"end":{"line":59,"column":46}}]},"8":{"loc":{"start":{"line":61,"column":6},"end":{"line":63,"column":7}},"type":"if","locations":[{"start":{"line":61,"column":6},"end":{"line":63,"column":7}}]},"9":{"loc":{"start":{"line":85,"column":4},"end":{"line":87,"column":5}},"type":"if","locations":[{"start":{"line":85,"column":4},"end":{"line":87,"column":5}}]},"10":{"loc":{"start":{"line":93,"column":4},"end":{"line":95,"column":5}},"type":"if","locations":[{"start":{"line":93,"column":4},"end":{"line":95,"column":5}}]},"11":{"loc":{"start":{"line":98,"column":26},"end":{"line":99,"column":61}},"type":"binary-expr","locations":[{"start":{"line":98,"column":26},"end":{"line":98,"column":76}},{"start":{"line":99,"column":26},"end":{"line":99,"column":61}}]},"12":{"loc":{"start":{"line":101,"column":4},"end":{"line":106,"column":5}},"type":"if","locations":[{"start":{"line":101,"column":4},"end":{"line":106,"column":5}}]},"13":{"loc":{"start":{"line":117,"column":2},"end":{"line":119,"column":3}},"type":"if","locations":[{"start":{"line":117,"column":2},"end":{"line":119,"column":3}}]},"14":{"loc":{"start":{"line":124,"column":2},"end":{"line":126,"column":3}},"type":"if","locations":[{"start":{"line":124,"column":2},"end":{"line":126,"column":3}}]},"15":{"loc":{"start":{"line":124,"column":6},"end":{"line":124,"column":45}},"type":"binary-expr","locations":[{"start":{"line":124,"column":6},"end":{"line":124,"column":25}},{"start":{"line":124,"column":29},"end":{"line":124,"column":45}}]}},"s":{"0":0,"1":0,"2":0,"3":0,"4":0,"5":0,"6":0,"7":0,"8":0,"9":0,"10":0,"11":0,"12":0,"13":0,"14":0,"15":0,"16":0,"17":0,"18":0,"19":0,"20":0,"21":0,"22":0,"23":0,"24":0,"25":0,"26":0,"27":0,"28":0,"29":0,"30":0,"31":0,"32":0,"33":0,"34":0,"35":0,"36":0,"37":0,"38":0,"39":0,"40":0,"41":0,"42":0,"43":0,"44":0},"f":{"0":0,"1":0,"2":0,"3":0},"b":{"0":[0,0],"1":[0],"2":[0],"3":[0,0],"4":[0],"5":[0],"6":[0],"7":[0,0],"8":[0],"9":[0],"10":[0],"11":[0,0],"12":[0],"13":[0],"14":[0],"15":[0,0]}}
,"D:\\Work\\TBS II\\backend\\src\\middleware\\security.ts": {"path":"D:\\Work\\TBS II\\backend\\src\\middleware\\security.ts","statementMap":{"0":{"start":{"line":19,"column":0},"end":{"line":19,"column":7}},"1":{"start":{"line":37,"column":0},"end":{"line":37,"column":7}},"2":{"start":{"line":55,"column":0},"end":{"line":55,"column":7}},"3":{"start":{"line":85,"column":0},"end":{"line":85,"column":16}},"4":{"start":{"line":112,"column":0},"end":{"line":112,"column":16}},"5":{"start":{"line":128,"column":0},"end":{"line":128,"column":7}},"6":{"start":{"line":173,"column":0},"end":{"line":173,"column":7}},"7":{"start":{"line":242,"column":0},"end":{"line":242,"column":16}},"8":{"start":{"line":2,"column":0},"end":{"line":2,"column":39}},"9":{"start":{"line":3,"column":0},"end":{"line":3,"column":47}},"10":{"start":{"line":4,"column":0},"end":{"line":4,"column":46}},"11":{"start":{"line":6,"column":15},"end":{"line":6,"column":33}},"12":{"start":{"line":13,"column":24},"end":{"line":13,"column":58}},"13":{"start":{"line":14,"column":22},"end":{"line":14,"column":56}},"14":{"start":{"line":20,"column":20},"end":{"line":25,"column":4}},"15":{"start":{"line":28,"column":2},"end":{"line":28,"column":41}},"16":{"start":{"line":31,"column":2},"end":{"line":31,"column":69}},"17":{"start":{"line":38,"column":14},"end":{"line":38,"column":36}},"18":{"start":{"line":39,"column":2},"end":{"line":49,"column":16}},"19":{"start":{"line":40,"column":4},"end":{"line":48,"column":5}},"20":{"start":{"line":41,"column":20},"end":{"line":41,"column":41}},"21":{"start":{"line":42,"column":6},"end":{"line":44,"column":7}},"22":{"start":{"line":43,"column":8},"end":{"line":43,"column":37}},"23":{"start":{"line":45,"column":6},"end":{"line":47,"column":7}},"24":{"start":{"line":46,"column":8},"end":{"line":46,"column":113}},"25":{"start":{"line":56,"column":14},"end":{"line":56,"column":36}},"26":{"start":{"line":57,"column":2},"end":{"line":61,"column":16}},"27":{"start":{"line":58,"column":4},"end":{"line":60,"column":5}},"28":{"start":{"line":59,"column":6},"end":{"line":59,"column":27}},"29":{"start":{"line":68,"column":2},"end":{"line":70,"column":3}},"30":{"start":{"line":69,"column":4},"end":{"line":69,"column":48}},"31":{"start":{"line":71,"column":16},"end":{"line":71,"column":37}},"32":{"start":{"line":72,"column":12},"end":{"line":72,"column":22}},"33":{"start":{"line":73,"column":2},"end":{"line":78,"column":3}},"34":{"start":{"line":74,"column":4},"end":{"line":74,"column":40}},"35":{"start":{"line":76,"column":4},"end":{"line":76,"column":31}},"36":{"start":{"line":77,"column":4},"end":{"line":77,"column":34}},"37":{"start":{"line":77,"column":17},"end":{"line":77,"column":34}},"38":{"start":{"line":79,"column":2},"end":{"line":79,"column":49}},"39":{"start":{"line":86,"column":15},"end":{"line":86,"column":37}},"40":{"start":{"line":87,"column":28},"end":{"line":97,"column":4}},"41":{"start":{"line":99,"column":20},"end":{"line":99,"column":97}},"42":{"start":{"line":99,"column":50},"end":{"line":99,"column":96}},"43":{"start":{"line":100,"column":2},"end":{"line":105,"column":3}},"44":{"start":{"line":101,"column":4},"end":{"line":104,"column":7}},"45":{"start":{"line":106,"column":2},"end":{"line":106,"column":9}},"46":{"start":{"line":113,"column":2},"end":{"line":113,"column":43}},"47":{"start":{"line":114,"column":2},"end":{"line":114,"column":53}},"48":{"start":{"line":115,"column":2},"end":{"line":115,"column":53}},"49":{"start":{"line":116,"column":2},"end":{"line":116,"column":70}},"50":{"start":{"line":117,"column":2},"end":{"line":120,"column":4}},"51":{"start":{"line":121,"column":2},"end":{"line":121,"column":9}},"52":{"start":{"line":129,"column":13},"end":{"line":129,"column":63}},"53":{"start":{"line":130,"column":14},"end":{"line":130,"column":24}},"54":{"start":{"line":131,"column":24},"end":{"line":131,"column":33}},"55":{"start":{"line":132,"column":22},"end":{"line":132,"column":24}},"56":{"start":{"line":133,"column":14},"end":{"line":133,"column":39}},"57":{"start":{"line":135,"column":2},"end":{"line":167,"column":3}},"58":{"start":{"line":136,"column":29},"end":{"line":136,"column":76}},"59":{"start":{"line":137,"column":4},"end":{"line":143,"column":5}},"60":{"start":{"line":138,"column":6},"end":{"line":138,"column":110}},"61":{"start":{"line":139,"column":6},"end":{"line":142,"column":9}},"62":{"start":{"line":144,"column":4},"end":{"line":144,"column":18}},"63":{"start":{"line":147,"column":19},"end":{"line":147,"column":42}},"64":{"start":{"line":148,"column":4},"end":{"line":151,"column":5}},"65":{"start":{"line":149,"column":6},"end":{"line":149,"column":76}},"66":{"start":{"line":150,"column":6},"end":{"line":150,"column":20}},"67":{"start":{"line":152,"column":4},"end":{"line":156,"column":5}},"68":{"start":{"line":153,"column":6},"end":{"line":153,"column":23}},"69":{"start":{"line":154,"column":6},"end":{"line":154,"column":45}},"70":{"start":{"line":155,"column":6},"end":{"line":155,"column":20}},"71":{"start":{"line":157,"column":4},"end":{"line":157,"column":19}},"72":{"start":{"line":158,"column":4},"end":{"line":165,"column":5}},"73":{"start":{"line":159,"column":30},"end":{"line":159,"column":72}},"74":{"start":{"line":160,"column":6},"end":{"line":160,"column":105}},"75":{"start":{"line":161,"column":6},"end":{"line":164,"column":9}},"76":{"start":{"line":166,"column":4},"end":{"line":166,"column":11}},"77":{"start":{"line":174,"column":13},"end":{"line":174,"column":63}},"78":{"start":{"line":175,"column":14},"end":{"line":175,"column":24}},"79":{"start":{"line":176,"column":24},"end":{"line":176,"column":38}},"80":{"start":{"line":177,"column":22},"end":{"line":177,"column":25}},"81":{"start":{"line":178,"column":14},"end":{"line":178,"column":41}},"82":{"start":{"line":180,"column":2},"end":{"line":212,"column":3}},"83":{"start":{"line":181,"column":29},"end":{"line":181,"column":77}},"84":{"start":{"line":182,"column":4},"end":{"line":188,"column":5}},"85":{"start":{"line":183,"column":6},"end":{"line":183,"column":110}},"86":{"start":{"line":184,"column":6},"end":{"line":187,"column":9}},"87":{"start":{"line":189,"column":4},"end":{"line":189,"column":18}},"88":{"start":{"line":192,"column":19},"end":{"line":192,"column":40}},"89":{"start":{"line":193,"column":4},"end":{"line":196,"column":5}},"90":{"start":{"line":194,"column":6},"end":{"line":194,"column":74}},"91":{"start":{"line":195,"column":6},"end":{"line":195,"column":20}},"92":{"start":{"line":197,"column":4},"end":{"line":201,"column":5}},"93":{"start":{"line":198,"column":6},"end":{"line":198,"column":23}},"94":{"start":{"line":199,"column":6},"end":{"line":199,"column":45}},"95":{"start":{"line":200,"column":6},"end":{"line":200,"column":20}},"96":{"start":{"line":202,"column":4},"end":{"line":202,"column":19}},"97":{"start":{"line":203,"column":4},"end":{"line":210,"column":5}},"98":{"start":{"line":204,"column":26},"end":{"line":204,"column":75}},"99":{"start":{"line":205,"column":6},"end":{"line":205,"column":110}},"100":{"start":{"line":206,"column":6},"end":{"line":209,"column":9}},"101":{"start":{"line":211,"column":4},"end":{"line":211,"column":11}},"102":{"start":{"line":216,"column":2},"end":{"line":219,"column":12}},"103":{"start":{"line":223,"column":2},"end":{"line":225,"column":3}},"104":{"start":{"line":224,"column":4},"end":{"line":224,"column":26}},"105":{"start":{"line":226,"column":2},"end":{"line":228,"column":3}},"106":{"start":{"line":227,"column":4},"end":{"line":227,"column":35}},"107":{"start":{"line":229,"column":2},"end":{"line":235,"column":3}},"108":{"start":{"line":230,"column":25},"end":{"line":230,"column":27}},"109":{"start":{"line":231,"column":4},"end":{"line":233,"column":5}},"110":{"start":{"line":232,"column":6},"end":{"line":232,"column":46}},"111":{"start":{"line":234,"column":4},"end":{"line":234,"column":19}},"112":{"start":{"line":236,"column":2},"end":{"line":236,"column":13}},"113":{"start":{"line":243,"column":2},"end":{"line":245,"column":3}},"114":{"start":{"line":244,"column":4},"end":{"line":244,"column":40}},"115":{"start":{"line":246,"column":2},"end":{"line":246,"column":9}}},"fnMap":{"0":{"name":"logSecurityAlert","decl":{"start":{"line":19,"column":22},"end":{"line":19,"column":38}},"loc":{"start":{"line":19,"column":82},"end":{"line":32,"column":1}}},"1":{"name":"recordFailedLogin","decl":{"start":{"line":37,"column":22},"end":{"line":37,"column":39}},"loc":{"start":{"line":37,"column":50},"end":{"line":50,"column":1}}},"2":{"name":"clearFailedLogin","decl":{"start":{"line":55,"column":22},"end":{"line":55,"column":38}},"loc":{"start":{"line":55,"column":49},"end":{"line":62,"column":1}}},"3":{"name":"checkRedisRateLimit","decl":{"start":{"line":67,"column":15},"end":{"line":67,"column":34}},"loc":{"start":{"line":67,"column":81},"end":{"line":80,"column":1}}},"4":{"name":"blockSensitiveFiles","decl":{"start":{"line":85,"column":16},"end":{"line":85,"column":35}},"loc":{"start":{"line":85,"column":83},"end":{"line":107,"column":1}}},"5":{"name":"(anonymous_5)","decl":{"start":{"line":99,"column":43},"end":{"line":99,"column":46}},"loc":{"start":{"line":99,"column":50},"end":{"line":99,"column":96}}},"6":{"name":"setSecurityHeaders","decl":{"start":{"line":112,"column":16},"end":{"line":112,"column":34}},"loc":{"start":{"line":112,"column":82},"end":{"line":122,"column":1}}},"7":{"name":"authRateLimiter","decl":{"start":{"line":128,"column":22},"end":{"line":128,"column":37}},"loc":{"start":{"line":128,"column":85},"end":{"line":168,"column":1}}},"8":{"name":"globalRateLimiter","decl":{"start":{"line":173,"column":22},"end":{"line":173,"column":39}},"loc":{"start":{"line":173,"column":87},"end":{"line":213,"column":1}}},"9":{"name":"cleanHTML","decl":{"start":{"line":215,"column":9},"end":{"line":215,"column":18}},"loc":{"start":{"line":215,"column":32},"end":{"line":220,"column":1}}},"10":{"name":"sanitizeObject","decl":{"start":{"line":222,"column":9},"end":{"line":222,"column":23}},"loc":{"start":{"line":222,"column":32},"end":{"line":237,"column":1}}},"11":{"name":"sanitizeInputs","decl":{"start":{"line":242,"column":16},"end":{"line":242,"column":30}},"loc":{"start":{"line":242,"column":78},"end":{"line":247,"column":1}}}},"branchMap":{"0":{"loc":{"start":{"line":40,"column":4},"end":{"line":48,"column":5}},"type":"if","locations":[{"start":{"line":40,"column":4},"end":{"line":48,"column":5}}]},"1":{"loc":{"start":{"line":40,"column":8},"end":{"line":40,"column":41}},"type":"binary-expr","locations":[{"start":{"line":40,"column":8},"end":{"line":40,"column":13}},{"start":{"line":40,"column":17},"end":{"line":40,"column":41}}]},"2":{"loc":{"start":{"line":42,"column":6},"end":{"line":44,"column":7}},"type":"if","locations":[{"start":{"line":42,"column":6},"end":{"line":44,"column":7}}]},"3":{"loc":{"start":{"line":45,"column":6},"end":{"line":47,"column":7}},"type":"if","locations":[{"start":{"line":45,"column":6},"end":{"line":47,"column":7}}]},"4":{"loc":{"start":{"line":58,"column":4},"end":{"line":60,"column":5}},"type":"if","locations":[{"start":{"line":58,"column":4},"end":{"line":60,"column":5}}]},"5":{"loc":{"start":{"line":58,"column":8},"end":{"line":58,"column":41}},"type":"binary-expr","locations":[{"start":{"line":58,"column":8},"end":{"line":58,"column":13}},{"start":{"line":58,"column":17},"end":{"line":58,"column":41}}]},"6":{"loc":{"start":{"line":68,"column":2},"end":{"line":70,"column":3}},"type":"if","locations":[{"start":{"line":68,"column":2},"end":{"line":70,"column":3}}]},"7":{"loc":{"start":{"line":68,"column":6},"end":{"line":68,"column":40}},"type":"binary-expr","locations":[{"start":{"line":68,"column":6},"end":{"line":68,"column":12}},{"start":{"line":68,"column":16},"end":{"line":68,"column":40}}]},"8":{"loc":{"start":{"line":73,"column":2},"end":{"line":78,"column":3}},"type":"if","locations":[{"start":{"line":73,"column":2},"end":{"line":78,"column":3}},{"start":{"line":75,"column":9},"end":{"line":78,"column":3}}]},"9":{"loc":{"start":{"line":77,"column":4},"end":{"line":77,"column":34}},"type":"if","locations":[{"start":{"line":77,"column":4},"end":{"line":77,"column":34}}]},"10":{"loc":{"start":{"line":99,"column":50},"end":{"line":99,"column":96}},"type":"binary-expr","locations":[{"start":{"line":99,"column":50},"end":{"line":99,"column":68}},{"start":{"line":99,"column":72},"end":{"line":99,"column":96}}]},"11":{"loc":{"start":{"line":100,"column":2},"end":{"line":105,"column":3}},"type":"if","locations":[{"start":{"line":100,"column":2},"end":{"line":105,"column":3}}]},"12":{"loc":{"start":{"line":129,"column":13},"end":{"line":129,"column":63}},"type":"binary-expr","locations":[{"start":{"line":129,"column":13},"end":{"line":129,"column":19}},{"start":{"line":129,"column":23},"end":{"line":129,"column":47}},{"start":{"line":129,"column":51},"end":{"line":129,"column":63}}]},"13":{"loc":{"start":{"line":137,"column":4},"end":{"line":143,"column":5}},"type":"if","locations":[{"start":{"line":137,"column":4},"end":{"line":143,"column":5}}]},"14":{"loc":{"start":{"line":148,"column":4},"end":{"line":151,"column":5}},"type":"if","locations":[{"start":{"line":148,"column":4},"end":{"line":151,"column":5}}]},"15":{"loc":{"start":{"line":152,"column":4},"end":{"line":156,"column":5}},"type":"if","locations":[{"start":{"line":152,"column":4},"end":{"line":156,"column":5}}]},"16":{"loc":{"start":{"line":158,"column":4},"end":{"line":165,"column":5}},"type":"if","locations":[{"start":{"line":158,"column":4},"end":{"line":165,"column":5}}]},"17":{"loc":{"start":{"line":174,"column":13},"end":{"line":174,"column":63}},"type":"binary-expr","locations":[{"start":{"line":174,"column":13},"end":{"line":174,"column":19}},{"start":{"line":174,"column":23},"end":{"line":174,"column":47}},{"start":{"line":174,"column":51},"end":{"line":174,"column":63}}]},"18":{"loc":{"start":{"line":182,"column":4},"end":{"line":188,"column":5}},"type":"if","locations":[{"start":{"line":182,"column":4},"end":{"line":188,"column":5}}]},"19":{"loc":{"start":{"line":193,"column":4},"end":{"line":196,"column":5}},"type":"if","locations":[{"start":{"line":193,"column":4},"end":{"line":196,"column":5}}]},"20":{"loc":{"start":{"line":197,"column":4},"end":{"line":201,"column":5}},"type":"if","locations":[{"start":{"line":197,"column":4},"end":{"line":201,"column":5}}]},"21":{"loc":{"start":{"line":203,"column":4},"end":{"line":210,"column":5}},"type":"if","locations":[{"start":{"line":203,"column":4},"end":{"line":210,"column":5}}]},"22":{"loc":{"start":{"line":223,"column":2},"end":{"line":225,"column":3}},"type":"if","locations":[{"start":{"line":223,"column":2},"end":{"line":225,"column":3}}]},"23":{"loc":{"start":{"line":226,"column":2},"end":{"line":228,"column":3}},"type":"if","locations":[{"start":{"line":226,"column":2},"end":{"line":228,"column":3}}]},"24":{"loc":{"start":{"line":229,"column":2},"end":{"line":235,"column":3}},"type":"if","locations":[{"start":{"line":229,"column":2},"end":{"line":235,"column":3}}]},"25":{"loc":{"start":{"line":229,"column":6},"end":{"line":229,"column":45}},"type":"binary-expr","locations":[{"start":{"line":229,"column":6},"end":{"line":229,"column":18}},{"start":{"line":229,"column":22},"end":{"line":229,"column":45}}]},"26":{"loc":{"start":{"line":243,"column":2},"end":{"line":245,"column":3}},"type":"if","locations":[{"start":{"line":243,"column":2},"end":{"line":245,"column":3}}]}},"s":{"0":0,"1":0,"2":0,"3":0,"4":0,"5":0,"6":0,"7":0,"8":0,"9":0,"10":0,"11":0,"12":0,"13":0,"14":0,"15":0,"16":0,"17":0,"18":0,"19":0,"20":0,"21":0,"22":0,"23":0,"24":0,"25":0,"26":0,"27":0,"28":0,"29":0,"30":0,"31":0,"32":0,"33":0,"34":0,"35":0,"36":0,"37":0,"38":0,"39":0,"40":0,"41":0,"42":0,"43":0,"44":0,"45":0,"46":0,"47":0,"48":0,"49":0,"50":0,"51":0,"52":0,"53":0,"54":0,"55":0,"56":0,"57":0,"58":0,"59":0,"60":0,"61":0,"62":0,"63":0,"64":0,"65":0,"66":0,"67":0,"68":0,"69":0,"70":0,"71":0,"72":0,"73":0,"74":0,"75":0,"76":0,"77":0,"78":0,"79":0,"80":0,"81":0,"82":0,"83":0,"84":0,"85":0,"86":0,"87":0,"88":0,"89":0,"90":0,"91":0,"92":0,"93":0,"94":0,"95":0,"96":0,"97":0,"98":0,"99":0,"100":0,"101":0,"102":0,"103":0,"104":0,"105":0,"106":0,"107":0,"108":0,"109":0,"110":0,"111":0,"112":0,"113":0,"114":0,"115":0},"f":{"0":0,"1":0,"2":0,"3":0,"4":0,"5":0,"6":0,"7":0,"8":0,"9":0,"10":0,"11":0},"b":{"0":[0],"1":[0,0],"2":[0],"3":[0],"4":[0],"5":[0,0],"6":[0],"7":[0,0],"8":[0,0],"9":[0],"10":[0,0],"11":[0],"12":[0,0,0],"13":[0],"14":[0],"15":[0],"16":[0],"17":[0,0,0],"18":[0],"19":[0],"20":[0],"21":[0],"22":[0],"23":[0],"24":[0],"25":[0,0],"26":[0]}}
,"D:\\Work\\TBS II\\backend\\src\\routes\\admin.ts": {"path":"D:\\Work\\TBS II\\backend\\src\\routes\\admin.ts","statementMap":{"0":{"start":{"line":1,"column":0},"end":{"line":1,"column":43}},"1":{"start":{"line":2,"column":0},"end":{"line":2,"column":46}},"2":{"start":{"line":3,"column":0},"end":{"line":3,"column":65}},"3":{"start":{"line":4,"column":0},"end":{"line":4,"column":96}},"4":{"start":{"line":5,"column":0},"end":{"line":5,"column":50}},"5":{"start":{"line":7,"column":15},"end":{"line":7,"column":23}},"6":{"start":{"line":8,"column":15},"end":{"line":8,"column":33}},"7":{"start":{"line":14,"column":0},"end":{"line":106,"column":3}},"8":{"start":{"line":15,"column":20},"end":{"line":15,"column":28}},"9":{"start":{"line":17,"column":2},"end":{"line":19,"column":3}},"10":{"start":{"line":18,"column":4},"end":{"line":18,"column":105}},"11":{"start":{"line":21,"column":18},"end":{"line":25,"column":4}},"12":{"start":{"line":27,"column":2},"end":{"line":105,"column":3}},"13":{"start":{"line":29,"column":24},"end":{"line":29,"column":58}},"14":{"start":{"line":30,"column":18},"end":{"line":30,"column":46}},"15":{"start":{"line":32,"column":20},"end":{"line":32,"column":86}},"16":{"start":{"line":32,"column":56},"end":{"line":32,"column":84}},"17":{"start":{"line":33,"column":20},"end":{"line":33,"column":80}},"18":{"start":{"line":33,"column":50},"end":{"line":33,"column":78}},"19":{"start":{"line":35,"column":4},"end":{"line":89,"column":6}},"20":{"start":{"line":37,"column":79},"end":{"line":37,"column":80}},"21":{"start":{"line":39,"column":8},"end":{"line":43,"column":9}},"22":{"start":{"line":40,"column":10},"end":{"line":40,"column":74}},"23":{"start":{"line":41,"column":10},"end":{"line":41,"column":28}},"24":{"start":{"line":42,"column":10},"end":{"line":42,"column":17}},"25":{"start":{"line":45,"column":23},"end":{"line":45,"column":64}},"26":{"start":{"line":46,"column":23},"end":{"line":46,"column":58}},"27":{"start":{"line":48,"column":8},"end":{"line":52,"column":9}},"28":{"start":{"line":49,"column":10},"end":{"line":49,"column":96}},"29":{"start":{"line":50,"column":10},"end":{"line":50,"column":28}},"30":{"start":{"line":51,"column":10},"end":{"line":51,"column":17}},"31":{"start":{"line":54,"column":8},"end":{"line":58,"column":9}},"32":{"start":{"line":55,"column":10},"end":{"line":55,"column":84}},"33":{"start":{"line":56,"column":10},"end":{"line":56,"column":28}},"34":{"start":{"line":57,"column":10},"end":{"line":57,"column":17}},"35":{"start":{"line":61,"column":23},"end":{"line":61,"column":73}},"36":{"start":{"line":62,"column":8},"end":{"line":66,"column":9}},"37":{"start":{"line":63,"column":10},"end":{"line":63,"column":86}},"38":{"start":{"line":64,"column":10},"end":{"line":64,"column":28}},"39":{"start":{"line":65,"column":10},"end":{"line":65,"column":17}},"40":{"start":{"line":69,"column":8},"end":{"line":73,"column":9}},"41":{"start":{"line":70,"column":10},"end":{"line":70,"column":95}},"42":{"start":{"line":71,"column":10},"end":{"line":71,"column":28}},"43":{"start":{"line":72,"column":10},"end":{"line":72,"column":17}},"44":{"start":{"line":75,"column":29},"end":{"line":75,"column":51}},"45":{"start":{"line":77,"column":8},"end":{"line":86,"column":11}},"46":{"start":{"line":87,"column":8},"end":{"line":87,"column":26}},"47":{"start":{"line":92,"column":4},"end":{"line":99,"column":23}},"48":{"start":{"line":101,"column":4},"end":{"line":101,"column":48}},"49":{"start":{"line":103,"column":4},"end":{"line":103,"column":47}},"50":{"start":{"line":104,"column":4},"end":{"line":104,"column":68}},"51":{"start":{"line":112,"column":0},"end":{"line":119,"column":3}},"52":{"start":{"line":113,"column":2},"end":{"line":118,"column":3}},"53":{"start":{"line":114,"column":22},"end":{"line":114,"column":54}},"54":{"start":{"line":115,"column":4},"end":{"line":115,"column":31}},"55":{"start":{"line":117,"column":4},"end":{"line":117,"column":68}},"56":{"start":{"line":125,"column":0},"end":{"line":142,"column":3}},"57":{"start":{"line":126,"column":47},"end":{"line":126,"column":55}},"58":{"start":{"line":127,"column":2},"end":{"line":129,"column":3}},"59":{"start":{"line":128,"column":4},"end":{"line":128,"column":109}},"60":{"start":{"line":131,"column":2},"end":{"line":141,"column":3}},"61":{"start":{"line":132,"column":21},"end":{"line":136,"column":6}},"62":{"start":{"line":138,"column":4},"end":{"line":138,"column":49}},"63":{"start":{"line":140,"column":4},"end":{"line":140,"column":68}},"64":{"start":{"line":148,"column":0},"end":{"line":161,"column":3}},"65":{"start":{"line":149,"column":2},"end":{"line":160,"column":3}},"66":{"start":{"line":150,"column":17},"end":{"line":156,"column":6}},"67":{"start":{"line":157,"column":4},"end":{"line":157,"column":26}},"68":{"start":{"line":159,"column":4},"end":{"line":159,"column":68}},"69":{"start":{"line":167,"column":0},"end":{"line":174,"column":3}},"70":{"start":{"line":168,"column":2},"end":{"line":173,"column":3}},"71":{"start":{"line":169,"column":20},"end":{"line":169,"column":42}},"72":{"start":{"line":170,"column":4},"end":{"line":170,"column":48}},"73":{"start":{"line":172,"column":4},"end":{"line":172,"column":68}},"74":{"start":{"line":176,"column":0},"end":{"line":176,"column":22}}},"fnMap":{"0":{"name":"(anonymous_0)","decl":{"start":{"line":14,"column":99},"end":{"line":14,"column":104}},"loc":{"start":{"line":14,"column":150},"end":{"line":106,"column":1}}},"1":{"name":"(anonymous_1)","decl":{"start":{"line":32,"column":44},"end":{"line":32,"column":45}},"loc":{"start":{"line":32,"column":56},"end":{"line":32,"column":84}}},"2":{"name":"(anonymous_2)","decl":{"start":{"line":33,"column":38},"end":{"line":33,"column":39}},"loc":{"start":{"line":33,"column":50},"end":{"line":33,"column":78}}},"3":{"name":"(anonymous_3)","decl":{"start":{"line":36,"column":16},"end":{"line":36,"column":21}},"loc":{"start":{"line":36,"column":33},"end":{"line":88,"column":7}}},"4":{"name":"(anonymous_4)","decl":{"start":{"line":99,"column":13},"end":{"line":99,"column":16}},"loc":{"start":{"line":99,"column":18},"end":{"line":99,"column":21}}},"5":{"name":"(anonymous_5)","decl":{"start":{"line":112,"column":95},"end":{"line":112,"column":100}},"loc":{"start":{"line":112,"column":146},"end":{"line":119,"column":1}}},"6":{"name":"(anonymous_6)","decl":{"start":{"line":125,"column":96},"end":{"line":125,"column":101}},"loc":{"start":{"line":125,"column":147},"end":{"line":142,"column":1}}},"7":{"name":"(anonymous_7)","decl":{"start":{"line":148,"column":96},"end":{"line":148,"column":101}},"loc":{"start":{"line":148,"column":147},"end":{"line":161,"column":1}}},"8":{"name":"(anonymous_8)","decl":{"start":{"line":167,"column":91},"end":{"line":167,"column":96}},"loc":{"start":{"line":167,"column":142},"end":{"line":174,"column":1}}}},"branchMap":{"0":{"loc":{"start":{"line":17,"column":2},"end":{"line":19,"column":3}},"type":"if","locations":[{"start":{"line":17,"column":2},"end":{"line":19,"column":3}}]},"1":{"loc":{"start":{"line":17,"column":6},"end":{"line":17,"column":37}},"type":"binary-expr","locations":[{"start":{"line":17,"column":6},"end":{"line":17,"column":12}},{"start":{"line":17,"column":16},"end":{"line":17,"column":37}}]},"2":{"loc":{"start":{"line":39,"column":8},"end":{"line":43,"column":9}},"type":"if","locations":[{"start":{"line":39,"column":8},"end":{"line":43,"column":9}}]},"3":{"loc":{"start":{"line":39,"column":12},"end":{"line":39,"column":76}},"type":"binary-expr","locations":[{"start":{"line":39,"column":12},"end":{"line":39,"column":18}},{"start":{"line":39,"column":22},"end":{"line":39,"column":31}},{"start":{"line":39,"column":35},"end":{"line":39,"column":44}},{"start":{"line":39,"column":48},"end":{"line":39,"column":63}},{"start":{"line":39,"column":67},"end":{"line":39,"column":76}}]},"4":{"loc":{"start":{"line":48,"column":8},"end":{"line":52,"column":9}},"type":"if","locations":[{"start":{"line":48,"column":8},"end":{"line":52,"column":9}}]},"5":{"loc":{"start":{"line":54,"column":8},"end":{"line":58,"column":9}},"type":"if","locations":[{"start":{"line":54,"column":8},"end":{"line":58,"column":9}}]},"6":{"loc":{"start":{"line":62,"column":8},"end":{"line":66,"column":9}},"type":"if","locations":[{"start":{"line":62,"column":8},"end":{"line":66,"column":9}}]},"7":{"loc":{"start":{"line":69,"column":8},"end":{"line":73,"column":9}},"type":"if","locations":[{"start":{"line":69,"column":8},"end":{"line":73,"column":9}}]},"8":{"loc":{"start":{"line":127,"column":2},"end":{"line":129,"column":3}},"type":"if","locations":[{"start":{"line":127,"column":2},"end":{"line":129,"column":3}}]},"9":{"loc":{"start":{"line":127,"column":6},"end":{"line":127,"column":70}},"type":"binary-expr","locations":[{"start":{"line":127,"column":6},"end":{"line":127,"column":26}},{"start":{"line":127,"column":30},"end":{"line":127,"column":35}},{"start":{"line":127,"column":39},"end":{"line":127,"column":45}},{"start":{"line":127,"column":49},"end":{"line":127,"column":70}}]}},"s":{"0":0,"1":0,"2":0,"3":0,"4":0,"5":0,"6":0,"7":0,"8":0,"9":0,"10":0,"11":0,"12":0,"13":0,"14":0,"15":0,"16":0,"17":0,"18":0,"19":0,"20":0,"21":0,"22":0,"23":0,"24":0,"25":0,"26":0,"27":0,"28":0,"29":0,"30":0,"31":0,"32":0,"33":0,"34":0,"35":0,"36":0,"37":0,"38":0,"39":0,"40":0,"41":0,"42":0,"43":0,"44":0,"45":0,"46":0,"47":0,"48":0,"49":0,"50":0,"51":0,"52":0,"53":0,"54":0,"55":0,"56":0,"57":0,"58":0,"59":0,"60":0,"61":0,"62":0,"63":0,"64":0,"65":0,"66":0,"67":0,"68":0,"69":0,"70":0,"71":0,"72":0,"73":0,"74":0},"f":{"0":0,"1":0,"2":0,"3":0,"4":0,"5":0,"6":0,"7":0,"8":0},"b":{"0":[0],"1":[0,0],"2":[0],"3":[0,0,0,0,0],"4":[0],"5":[0],"6":[0],"7":[0],"8":[0],"9":[0,0,0,0]}}
,"D:\\Work\\TBS II\\backend\\src\\routes\\ai-chat.ts": {"path":"D:\\Work\\TBS II\\backend\\src\\routes\\ai-chat.ts","statementMap":{"0":{"start":{"line":1,"column":0},"end":{"line":1,"column":52}},"1":{"start":{"line":2,"column":0},"end":{"line":2,"column":46}},"2":{"start":{"line":4,"column":15},"end":{"line":4,"column":23}},"3":{"start":{"line":5,"column":15},"end":{"line":5,"column":33}},"4":{"start":{"line":10,"column":21},"end":{"line":10,"column":59}},"5":{"start":{"line":11,"column":21},"end":{"line":11,"column":51}},"6":{"start":{"line":16,"column":21},"end":{"line":16,"column":74}},"7":{"start":{"line":17,"column":19},"end":{"line":17,"column":21}},"8":{"start":{"line":18,"column":20},"end":{"line":18,"column":26}},"9":{"start":{"line":21,"column":14},"end":{"line":21,"column":24}},"10":{"start":{"line":22,"column":16},"end":{"line":22,"column":36}},"11":{"start":{"line":23,"column":2},"end":{"line":26,"column":3}},"12":{"start":{"line":24,"column":4},"end":{"line":24,"column":67}},"13":{"start":{"line":25,"column":4},"end":{"line":25,"column":16}},"14":{"start":{"line":27,"column":2},"end":{"line":27,"column":46}},"15":{"start":{"line":27,"column":33},"end":{"line":27,"column":46}},"16":{"start":{"line":28,"column":2},"end":{"line":28,"column":16}},"17":{"start":{"line":29,"column":2},"end":{"line":29,"column":14}},"18":{"start":{"line":36,"column":19},"end":{"line":36,"column":21}},"19":{"start":{"line":38,"column":2},"end":{"line":70,"column":3}},"20":{"start":{"line":39,"column":23},"end":{"line":54,"column":6}},"21":{"start":{"line":56,"column":4},"end":{"line":67,"column":5}},"22":{"start":{"line":57,"column":6},"end":{"line":57,"column":69}},"23":{"start":{"line":58,"column":6},"end":{"line":66,"column":7}},"24":{"start":{"line":59,"column":8},"end":{"line":59,"column":45}},"25":{"start":{"line":60,"column":8},"end":{"line":60,"column":55}},"26":{"start":{"line":61,"column":8},"end":{"line":61,"column":56}},"27":{"start":{"line":62,"column":8},"end":{"line":62,"column":60}},"28":{"start":{"line":63,"column":8},"end":{"line":63,"column":77}},"29":{"start":{"line":64,"column":8},"end":{"line":64,"column":80}},"30":{"start":{"line":65,"column":8},"end":{"line":65,"column":83}},"31":{"start":{"line":72,"column":2},"end":{"line":111,"column":109}},"32":{"start":{"line":117,"column":0},"end":{"line":188,"column":3}},"33":{"start":{"line":118,"column":13},"end":{"line":118,"column":60}},"34":{"start":{"line":121,"column":2},"end":{"line":125,"column":3}},"35":{"start":{"line":122,"column":4},"end":{"line":124,"column":7}},"36":{"start":{"line":127,"column":23},"end":{"line":127,"column":31}},"37":{"start":{"line":128,"column":2},"end":{"line":130,"column":3}},"38":{"start":{"line":129,"column":4},"end":{"line":129,"column":73}},"39":{"start":{"line":133,"column":2},"end":{"line":137,"column":3}},"40":{"start":{"line":134,"column":4},"end":{"line":136,"column":5}},"41":{"start":{"line":135,"column":6},"end":{"line":135,"column":109}},"42":{"start":{"line":140,"column":2},"end":{"line":144,"column":3}},"43":{"start":{"line":141,"column":4},"end":{"line":143,"column":7}},"44":{"start":{"line":146,"column":2},"end":{"line":187,"column":3}},"45":{"start":{"line":147,"column":25},"end":{"line":147,"column":50}},"46":{"start":{"line":149,"column":21},"end":{"line":164,"column":6}},"47":{"start":{"line":159,"column":41},"end":{"line":159,"column":60}},"48":{"start":{"line":166,"column":4},"end":{"line":174,"column":5}},"49":{"start":{"line":167,"column":22},"end":{"line":167,"column":43}},"50":{"start":{"line":168,"column":6},"end":{"line":168,"column":65}},"51":{"start":{"line":171,"column":6},"end":{"line":173,"column":9}},"52":{"start":{"line":176,"column":17},"end":{"line":176,"column":45}},"53":{"start":{"line":177,"column":18},"end":{"line":177,"column":180}},"54":{"start":{"line":179,"column":4},"end":{"line":179,"column":31}},"55":{"start":{"line":181,"column":4},"end":{"line":181,"column":51}},"56":{"start":{"line":184,"column":4},"end":{"line":186,"column":7}},"57":{"start":{"line":193,"column":0},"end":{"line":199,"column":3}},"58":{"start":{"line":194,"column":2},"end":{"line":198,"column":5}},"59":{"start":{"line":201,"column":0},"end":{"line":201,"column":22}}},"fnMap":{"0":{"name":"checkRateLimit","decl":{"start":{"line":20,"column":9},"end":{"line":20,"column":23}},"loc":{"start":{"line":20,"column":34},"end":{"line":30,"column":1}}},"1":{"name":"buildSystemPrompt","decl":{"start":{"line":35,"column":15},"end":{"line":35,"column":32}},"loc":{"start":{"line":35,"column":32},"end":{"line":112,"column":1}}},"2":{"name":"(anonymous_2)","decl":{"start":{"line":117,"column":21},"end":{"line":117,"column":26}},"loc":{"start":{"line":117,"column":59},"end":{"line":188,"column":1}}},"3":{"name":"(anonymous_3)","decl":{"start":{"line":159,"column":29},"end":{"line":159,"column":30}},"loc":{"start":{"line":159,"column":41},"end":{"line":159,"column":60}}},"4":{"name":"(anonymous_4)","decl":{"start":{"line":193,"column":22},"end":{"line":193,"column":23}},"loc":{"start":{"line":193,"column":54},"end":{"line":199,"column":1}}}},"branchMap":{"0":{"loc":{"start":{"line":11,"column":21},"end":{"line":11,"column":51}},"type":"binary-expr","locations":[{"start":{"line":11,"column":21},"end":{"line":11,"column":45}},{"start":{"line":11,"column":49},"end":{"line":11,"column":51}}]},"1":{"loc":{"start":{"line":23,"column":2},"end":{"line":26,"column":3}},"type":"if","locations":[{"start":{"line":23,"column":2},"end":{"line":26,"column":3}}]},"2":{"loc":{"start":{"line":23,"column":6},"end":{"line":23,"column":35}},"type":"binary-expr","locations":[{"start":{"line":23,"column":6},"end":{"line":23,"column":12}},{"start":{"line":23,"column":16},"end":{"line":23,"column":35}}]},"3":{"loc":{"start":{"line":27,"column":2},"end":{"line":27,"column":46}},"type":"if","locations":[{"start":{"line":27,"column":2},"end":{"line":27,"column":46}}]},"4":{"loc":{"start":{"line":56,"column":4},"end":{"line":67,"column":5}},"type":"if","locations":[{"start":{"line":56,"column":4},"end":{"line":67,"column":5}}]},"5":{"loc":{"start":{"line":118,"column":13},"end":{"line":118,"column":60}},"type":"binary-expr","locations":[{"start":{"line":118,"column":13},"end":{"line":118,"column":19}},{"start":{"line":118,"column":23},"end":{"line":118,"column":47}},{"start":{"line":118,"column":51},"end":{"line":118,"column":60}}]},"6":{"loc":{"start":{"line":121,"column":2},"end":{"line":125,"column":3}},"type":"if","locations":[{"start":{"line":121,"column":2},"end":{"line":125,"column":3}}]},"7":{"loc":{"start":{"line":128,"column":2},"end":{"line":130,"column":3}},"type":"if","locations":[{"start":{"line":128,"column":2},"end":{"line":130,"column":3}}]},"8":{"loc":{"start":{"line":128,"column":6},"end":{"line":128,"column":68}},"type":"binary-expr","locations":[{"start":{"line":128,"column":6},"end":{"line":128,"column":15}},{"start":{"line":128,"column":19},"end":{"line":128,"column":43}},{"start":{"line":128,"column":47},"end":{"line":128,"column":68}}]},"9":{"loc":{"start":{"line":134,"column":4},"end":{"line":136,"column":5}},"type":"if","locations":[{"start":{"line":134,"column":4},"end":{"line":136,"column":5}}]},"10":{"loc":{"start":{"line":134,"column":8},"end":{"line":134,"column":88}},"type":"binary-expr","locations":[{"start":{"line":134,"column":8},"end":{"line":134,"column":17}},{"start":{"line":134,"column":21},"end":{"line":134,"column":33}},{"start":{"line":134,"column":37},"end":{"line":134,"column":88}}]},"11":{"loc":{"start":{"line":140,"column":2},"end":{"line":144,"column":3}},"type":"if","locations":[{"start":{"line":140,"column":2},"end":{"line":144,"column":3}}]},"12":{"loc":{"start":{"line":166,"column":4},"end":{"line":174,"column":5}},"type":"if","locations":[{"start":{"line":166,"column":4},"end":{"line":174,"column":5}}]},"13":{"loc":{"start":{"line":177,"column":18},"end":{"line":177,"column":180}},"type":"binary-expr","locations":[{"start":{"line":177,"column":18},"end":{"line":177,"column":53}},{"start":{"line":177,"column":57},"end":{"line":177,"column":180}}]},"14":{"loc":{"start":{"line":195,"column":12},"end":{"line":195,"column":51}},"type":"cond-expr","locations":[{"start":{"line":195,"column":27},"end":{"line":195,"column":34}},{"start":{"line":195,"column":37},"end":{"line":195,"column":51}}]}},"s":{"0":0,"1":0,"2":0,"3":0,"4":0,"5":0,"6":0,"7":0,"8":0,"9":0,"10":0,"11":0,"12":0,"13":0,"14":0,"15":0,"16":0,"17":0,"18":0,"19":0,"20":0,"21":0,"22":0,"23":0,"24":0,"25":0,"26":0,"27":0,"28":0,"29":0,"30":0,"31":0,"32":0,"33":0,"34":0,"35":0,"36":0,"37":0,"38":0,"39":0,"40":0,"41":0,"42":0,"43":0,"44":0,"45":0,"46":0,"47":0,"48":0,"49":0,"50":0,"51":0,"52":0,"53":0,"54":0,"55":0,"56":0,"57":0,"58":0,"59":0},"f":{"0":0,"1":0,"2":0,"3":0,"4":0},"b":{"0":[0,0],"1":[0],"2":[0,0],"3":[0],"4":[0],"5":[0,0,0],"6":[0],"7":[0],"8":[0,0,0],"9":[0],"10":[0,0,0],"11":[0],"12":[0],"13":[0,0],"14":[0,0]}}
,"D:\\Work\\TBS II\\backend\\src\\routes\\auth.ts": {"path":"D:\\Work\\TBS II\\backend\\src\\routes\\auth.ts","statementMap":{"0":{"start":{"line":1,"column":0},"end":{"line":1,"column":43}},"1":{"start":{"line":2,"column":0},"end":{"line":2,"column":31}},"2":{"start":{"line":3,"column":0},"end":{"line":3,"column":46}},"3":{"start":{"line":4,"column":0},"end":{"line":4,"column":81}},"4":{"start":{"line":5,"column":0},"end":{"line":5,"column":35}},"5":{"start":{"line":6,"column":0},"end":{"line":6,"column":77}},"6":{"start":{"line":7,"column":0},"end":{"line":7,"column":94}},"7":{"start":{"line":8,"column":0},"end":{"line":8,"column":39}},"8":{"start":{"line":10,"column":15},"end":{"line":10,"column":23}},"9":{"start":{"line":11,"column":15},"end":{"line":11,"column":33}},"10":{"start":{"line":17,"column":0},"end":{"line":82,"column":3}},"11":{"start":{"line":19,"column":16},"end":{"line":19,"column":50}},"12":{"start":{"line":20,"column":23},"end":{"line":20,"column":31}},"13":{"start":{"line":22,"column":2},"end":{"line":24,"column":3}},"14":{"start":{"line":23,"column":4},"end":{"line":23,"column":103}},"15":{"start":{"line":26,"column":2},"end":{"line":81,"column":3}},"16":{"start":{"line":27,"column":17},"end":{"line":33,"column":6}},"17":{"start":{"line":35,"column":4},"end":{"line":38,"column":5}},"18":{"start":{"line":36,"column":6},"end":{"line":36,"column":54}},"19":{"start":{"line":37,"column":6},"end":{"line":37,"column":100}},"20":{"start":{"line":40,"column":20},"end":{"line":40,"column":63}},"21":{"start":{"line":41,"column":4},"end":{"line":44,"column":5}},"22":{"start":{"line":42,"column":6},"end":{"line":42,"column":54}},"23":{"start":{"line":43,"column":6},"end":{"line":43,"column":100}},"24":{"start":{"line":47,"column":18},"end":{"line":50,"column":null}},"25":{"start":{"line":54,"column":4},"end":{"line":61,"column":23}},"26":{"start":{"line":63,"column":4},"end":{"line":63,"column":51}},"27":{"start":{"line":65,"column":4},"end":{"line":77,"column":7}},"28":{"start":{"line":79,"column":4},"end":{"line":79,"column":41}},"29":{"start":{"line":80,"column":4},"end":{"line":80,"column":110}},"30":{"start":{"line":88,"column":0},"end":{"line":119,"column":3}},"31":{"start":{"line":89,"column":2},"end":{"line":91,"column":3}},"32":{"start":{"line":90,"column":4},"end":{"line":90,"column":59}},"33":{"start":{"line":93,"column":2},"end":{"line":118,"column":3}},"34":{"start":{"line":94,"column":17},"end":{"line":100,"column":6}},"35":{"start":{"line":102,"column":4},"end":{"line":104,"column":5}},"36":{"start":{"line":103,"column":6},"end":{"line":103,"column":86}},"37":{"start":{"line":106,"column":4},"end":{"line":115,"column":7}},"38":{"start":{"line":117,"column":4},"end":{"line":117,"column":68}},"39":{"start":{"line":125,"column":0},"end":{"line":174,"column":3}},"40":{"start":{"line":126,"column":43},"end":{"line":126,"column":51}},"41":{"start":{"line":128,"column":2},"end":{"line":130,"column":3}},"42":{"start":{"line":129,"column":4},"end":{"line":129,"column":103}},"43":{"start":{"line":132,"column":2},"end":{"line":173,"column":3}},"44":{"start":{"line":133,"column":17},"end":{"line":135,"column":6}},"45":{"start":{"line":137,"column":4},"end":{"line":139,"column":5}},"46":{"start":{"line":138,"column":6},"end":{"line":138,"column":58}},"47":{"start":{"line":141,"column":20},"end":{"line":141,"column":70}},"48":{"start":{"line":142,"column":4},"end":{"line":144,"column":5}},"49":{"start":{"line":143,"column":6},"end":{"line":143,"column":103}},"50":{"start":{"line":147,"column":4},"end":{"line":152,"column":5}},"51":{"start":{"line":148,"column":6},"end":{"line":151,"column":9}},"52":{"start":{"line":154,"column":19},"end":{"line":154,"column":44}},"53":{"start":{"line":155,"column":4},"end":{"line":161,"column":7}},"54":{"start":{"line":164,"column":23},"end":{"line":164,"column":51}},"55":{"start":{"line":165,"column":18},"end":{"line":165,"column":56}},"56":{"start":{"line":166,"column":4},"end":{"line":168,"column":5}},"57":{"start":{"line":167,"column":6},"end":{"line":167,"column":71}},"58":{"start":{"line":170,"column":4},"end":{"line":170,"column":82}},"59":{"start":{"line":172,"column":4},"end":{"line":172,"column":68}},"60":{"start":{"line":180,"column":0},"end":{"line":190,"column":3}},"61":{"start":{"line":181,"column":21},"end":{"line":181,"column":49}},"62":{"start":{"line":182,"column":16},"end":{"line":182,"column":54}},"63":{"start":{"line":184,"column":2},"end":{"line":187,"column":3}},"64":{"start":{"line":186,"column":4},"end":{"line":186,"column":69}},"65":{"start":{"line":189,"column":2},"end":{"line":189,"column":74}},"66":{"start":{"line":192,"column":0},"end":{"line":192,"column":22}}},"fnMap":{"0":{"name":"(anonymous_1)","decl":{"start":{"line":17,"column":39},"end":{"line":17,"column":44}},"loc":{"start":{"line":17,"column":90},"end":{"line":82,"column":1}}},"1":{"name":"(anonymous_2)","decl":{"start":{"line":61,"column":13},"end":{"line":61,"column":16}},"loc":{"start":{"line":61,"column":18},"end":{"line":61,"column":21}}},"2":{"name":"(anonymous_3)","decl":{"start":{"line":88,"column":49},"end":{"line":88,"column":54}},"loc":{"start":{"line":88,"column":100},"end":{"line":119,"column":1}}},"3":{"name":"(anonymous_4)","decl":{"start":{"line":125,"column":58},"end":{"line":125,"column":63}},"loc":{"start":{"line":125,"column":109},"end":{"line":174,"column":1}}},"4":{"name":"(anonymous_5)","decl":{"start":{"line":180,"column":49},"end":{"line":180,"column":54}},"loc":{"start":{"line":180,"column":100},"end":{"line":190,"column":1}}}},"branchMap":{"0":{"loc":{"start":{"line":19,"column":16},"end":{"line":19,"column":50}},"type":"binary-expr","locations":[{"start":{"line":19,"column":16},"end":{"line":19,"column":30}},{"start":{"line":19,"column":34},"end":{"line":19,"column":50}}]},"1":{"loc":{"start":{"line":22,"column":2},"end":{"line":24,"column":3}},"type":"if","locations":[{"start":{"line":22,"column":2},"end":{"line":24,"column":3}}]},"2":{"loc":{"start":{"line":22,"column":6},"end":{"line":22,"column":25}},"type":"binary-expr","locations":[{"start":{"line":22,"column":6},"end":{"line":22,"column":12}},{"start":{"line":22,"column":16},"end":{"line":22,"column":25}}]},"3":{"loc":{"start":{"line":35,"column":4},"end":{"line":38,"column":5}},"type":"if","locations":[{"start":{"line":35,"column":4},"end":{"line":38,"column":5}}]},"4":{"loc":{"start":{"line":36,"column":30},"end":{"line":36,"column":52}},"type":"binary-expr","locations":[{"start":{"line":36,"column":30},"end":{"line":36,"column":36}},{"start":{"line":36,"column":40},"end":{"line":36,"column":52}}]},"5":{"loc":{"start":{"line":41,"column":4},"end":{"line":44,"column":5}},"type":"if","locations":[{"start":{"line":41,"column":4},"end":{"line":44,"column":5}}]},"6":{"loc":{"start":{"line":42,"column":30},"end":{"line":42,"column":52}},"type":"binary-expr","locations":[{"start":{"line":42,"column":30},"end":{"line":42,"column":36}},{"start":{"line":42,"column":40},"end":{"line":42,"column":52}}]},"7":{"loc":{"start":{"line":63,"column":27},"end":{"line":63,"column":49}},"type":"binary-expr","locations":[{"start":{"line":63,"column":27},"end":{"line":63,"column":33}},{"start":{"line":63,"column":37},"end":{"line":63,"column":49}}]},"8":{"loc":{"start":{"line":89,"column":2},"end":{"line":91,"column":3}},"type":"if","locations":[{"start":{"line":89,"column":2},"end":{"line":91,"column":3}}]},"9":{"loc":{"start":{"line":102,"column":4},"end":{"line":104,"column":5}},"type":"if","locations":[{"start":{"line":102,"column":4},"end":{"line":104,"column":5}}]},"10":{"loc":{"start":{"line":128,"column":2},"end":{"line":130,"column":3}},"type":"if","locations":[{"start":{"line":128,"column":2},"end":{"line":130,"column":3}}]},"11":{"loc":{"start":{"line":128,"column":6},"end":{"line":128,"column":51}},"type":"binary-expr","locations":[{"start":{"line":128,"column":6},"end":{"line":128,"column":15}},{"start":{"line":128,"column":19},"end":{"line":128,"column":35}},{"start":{"line":128,"column":39},"end":{"line":128,"column":51}}]},"12":{"loc":{"start":{"line":137,"column":4},"end":{"line":139,"column":5}},"type":"if","locations":[{"start":{"line":137,"column":4},"end":{"line":139,"column":5}}]},"13":{"loc":{"start":{"line":142,"column":4},"end":{"line":144,"column":5}},"type":"if","locations":[{"start":{"line":142,"column":4},"end":{"line":144,"column":5}}]},"14":{"loc":{"start":{"line":147,"column":4},"end":{"line":152,"column":5}},"type":"if","locations":[{"start":{"line":147,"column":4},"end":{"line":152,"column":5}}]},"15":{"loc":{"start":{"line":165,"column":18},"end":{"line":165,"column":56}},"type":"binary-expr","locations":[{"start":{"line":165,"column":18},"end":{"line":165,"column":28}},{"start":{"line":165,"column":32},"end":{"line":165,"column":56}}]},"16":{"loc":{"start":{"line":166,"column":4},"end":{"line":168,"column":5}},"type":"if","locations":[{"start":{"line":166,"column":4},"end":{"line":168,"column":5}}]},"17":{"loc":{"start":{"line":166,"column":8},"end":{"line":166,"column":50}},"type":"binary-expr","locations":[{"start":{"line":166,"column":8},"end":{"line":166,"column":13}},{"start":{"line":166,"column":17},"end":{"line":166,"column":22}},{"start":{"line":166,"column":26},"end":{"line":166,"column":50}}]},"18":{"loc":{"start":{"line":182,"column":16},"end":{"line":182,"column":54}},"type":"binary-expr","locations":[{"start":{"line":182,"column":16},"end":{"line":182,"column":26}},{"start":{"line":182,"column":30},"end":{"line":182,"column":54}}]},"19":{"loc":{"start":{"line":184,"column":2},"end":{"line":187,"column":3}},"type":"if","locations":[{"start":{"line":184,"column":2},"end":{"line":187,"column":3}}]},"20":{"loc":{"start":{"line":184,"column":6},"end":{"line":184,"column":48}},"type":"binary-expr","locations":[{"start":{"line":184,"column":6},"end":{"line":184,"column":11}},{"start":{"line":184,"column":15},"end":{"line":184,"column":20}},{"start":{"line":184,"column":24},"end":{"line":184,"column":48}}]}},"s":{"0":0,"1":0,"2":0,"3":0,"4":0,"5":0,"6":0,"7":0,"8":0,"9":0,"10":0,"11":0,"12":0,"13":0,"14":0,"15":0,"16":0,"17":0,"18":0,"19":0,"20":0,"21":0,"22":0,"23":0,"24":0,"25":0,"26":0,"27":0,"28":0,"29":0,"30":0,"31":0,"32":0,"33":0,"34":0,"35":0,"36":0,"37":0,"38":0,"39":0,"40":0,"41":0,"42":0,"43":0,"44":0,"45":0,"46":0,"47":0,"48":0,"49":0,"50":0,"51":0,"52":0,"53":0,"54":0,"55":0,"56":0,"57":0,"58":0,"59":0,"60":0,"61":0,"62":0,"63":0,"64":0,"65":0,"66":0},"f":{"0":0,"1":0,"2":0,"3":0,"4":0},"b":{"0":[0,0],"1":[0],"2":[0,0],"3":[0],"4":[0,0],"5":[0],"6":[0,0],"7":[0,0],"8":[0],"9":[0],"10":[0],"11":[0,0,0],"12":[0],"13":[0],"14":[0],"15":[0,0],"16":[0],"17":[0,0,0],"18":[0,0],"19":[0],"20":[0,0,0]}}
,"D:\\Work\\TBS II\\backend\\src\\routes\\chat.ts": {"path":"D:\\Work\\TBS II\\backend\\src\\routes\\chat.ts","statementMap":{"0":{"start":{"line":1,"column":0},"end":{"line":1,"column":43}},"1":{"start":{"line":2,"column":0},"end":{"line":2,"column":46}},"2":{"start":{"line":3,"column":0},"end":{"line":3,"column":77}},"3":{"start":{"line":4,"column":0},"end":{"line":4,"column":48}},"4":{"start":{"line":6,"column":15},"end":{"line":6,"column":23}},"5":{"start":{"line":7,"column":15},"end":{"line":7,"column":33}},"6":{"start":{"line":13,"column":0},"end":{"line":37,"column":3}},"7":{"start":{"line":14,"column":2},"end":{"line":14,"column":72}},"8":{"start":{"line":14,"column":17},"end":{"line":14,"column":72}},"9":{"start":{"line":16,"column":2},"end":{"line":36,"column":3}},"10":{"start":{"line":20,"column":18},"end":{"line":31,"column":6}},"11":{"start":{"line":33,"column":4},"end":{"line":33,"column":27}},"12":{"start":{"line":35,"column":4},"end":{"line":35,"column":68}},"13":{"start":{"line":43,"column":0},"end":{"line":66,"column":3}},"14":{"start":{"line":44,"column":17},"end":{"line":44,"column":27}},"15":{"start":{"line":45,"column":2},"end":{"line":65,"column":3}},"16":{"start":{"line":46,"column":21},"end":{"line":60,"column":6}},"17":{"start":{"line":62,"column":4},"end":{"line":62,"column":30}},"18":{"start":{"line":64,"column":4},"end":{"line":64,"column":68}},"19":{"start":{"line":72,"column":0},"end":{"line":115,"column":3}},"20":{"start":{"line":73,"column":54},"end":{"line":73,"column":62}},"21":{"start":{"line":74,"column":2},"end":{"line":76,"column":3}},"22":{"start":{"line":75,"column":4},"end":{"line":75,"column":103}},"23":{"start":{"line":78,"column":2},"end":{"line":114,"column":3}},"24":{"start":{"line":80,"column":16},"end":{"line":99,"column":6}},"25":{"start":{"line":102,"column":4},"end":{"line":105,"column":7}},"26":{"start":{"line":108,"column":4},"end":{"line":108,"column":40}},"27":{"start":{"line":110,"column":4},"end":{"line":110,"column":53}},"28":{"start":{"line":112,"column":4},"end":{"line":112,"column":48}},"29":{"start":{"line":113,"column":4},"end":{"line":113,"column":68}},"30":{"start":{"line":117,"column":0},"end":{"line":117,"column":22}}},"fnMap":{"0":{"name":"(anonymous_0)","decl":{"start":{"line":13,"column":47},"end":{"line":13,"column":52}},"loc":{"start":{"line":13,"column":98},"end":{"line":37,"column":1}}},"1":{"name":"(anonymous_1)","decl":{"start":{"line":43,"column":60},"end":{"line":43,"column":65}},"loc":{"start":{"line":43,"column":111},"end":{"line":66,"column":1}}},"2":{"name":"(anonymous_2)","decl":{"start":{"line":72,"column":51},"end":{"line":72,"column":56}},"loc":{"start":{"line":72,"column":102},"end":{"line":115,"column":1}}}},"branchMap":{"0":{"loc":{"start":{"line":14,"column":2},"end":{"line":14,"column":72}},"type":"if","locations":[{"start":{"line":14,"column":2},"end":{"line":14,"column":72}}]},"1":{"loc":{"start":{"line":74,"column":2},"end":{"line":76,"column":3}},"type":"if","locations":[{"start":{"line":74,"column":2},"end":{"line":76,"column":3}}]},"2":{"loc":{"start":{"line":74,"column":6},"end":{"line":74,"column":70}},"type":"binary-expr","locations":[{"start":{"line":74,"column":6},"end":{"line":74,"column":15}},{"start":{"line":74,"column":19},"end":{"line":74,"column":26}},{"start":{"line":74,"column":31},"end":{"line":74,"column":36}},{"start":{"line":74,"column":40},"end":{"line":74,"column":54}},{"start":{"line":74,"column":58},"end":{"line":74,"column":69}}]},"3":{"loc":{"start":{"line":84,"column":14},"end":{"line":84,"column":24}},"type":"binary-expr","locations":[{"start":{"line":84,"column":14},"end":{"line":84,"column":18}},{"start":{"line":84,"column":22},"end":{"line":84,"column":24}}]}},"s":{"0":0,"1":0,"2":0,"3":0,"4":0,"5":0,"6":0,"7":0,"8":0,"9":0,"10":0,"11":0,"12":0,"13":0,"14":0,"15":0,"16":0,"17":0,"18":0,"19":0,"20":0,"21":0,"22":0,"23":0,"24":0,"25":0,"26":0,"27":0,"28":0,"29":0,"30":0},"f":{"0":0,"1":0,"2":0},"b":{"0":[0],"1":[0],"2":[0,0,0,0,0],"3":[0,0]}}
,"D:\\Work\\TBS II\\backend\\src\\routes\\compatibility.ts": {"path":"D:\\Work\\TBS II\\backend\\src\\routes\\compatibility.ts","statementMap":{"0":{"start":{"line":1,"column":0},"end":{"line":1,"column":66}},"1":{"start":{"line":2,"column":0},"end":{"line":2,"column":46}},"2":{"start":{"line":3,"column":0},"end":{"line":3,"column":77}},"3":{"start":{"line":4,"column":0},"end":{"line":4,"column":59}},"4":{"start":{"line":6,"column":15},"end":{"line":6,"column":23}},"5":{"start":{"line":7,"column":15},"end":{"line":7,"column":33}},"6":{"start":{"line":11,"column":2},"end":{"line":33,"column":4}},"7":{"start":{"line":40,"column":0},"end":{"line":55,"column":3}},"8":{"start":{"line":41,"column":21},"end":{"line":41,"column":30}},"9":{"start":{"line":42,"column":2},"end":{"line":54,"column":3}},"10":{"start":{"line":43,"column":24},"end":{"line":43,"column":26}},"11":{"start":{"line":44,"column":4},"end":{"line":44,"column":39}},"12":{"start":{"line":44,"column":16},"end":{"line":44,"column":39}},"13":{"start":{"line":46,"column":20},"end":{"line":49,"column":6}},"14":{"start":{"line":51,"column":4},"end":{"line":51,"column":49}},"15":{"start":{"line":53,"column":4},"end":{"line":53,"column":68}},"16":{"start":{"line":61,"column":0},"end":{"line":110,"column":3}},"17":{"start":{"line":62,"column":38},"end":{"line":62,"column":46}},"18":{"start":{"line":63,"column":2},"end":{"line":65,"column":3}},"19":{"start":{"line":64,"column":4},"end":{"line":64,"column":104}},"20":{"start":{"line":67,"column":2},"end":{"line":109,"column":3}},"21":{"start":{"line":68,"column":20},"end":{"line":70,"column":6}},"22":{"start":{"line":72,"column":4},"end":{"line":75,"column":5}},"23":{"start":{"line":74,"column":6},"end":{"line":74,"column":101}},"24":{"start":{"line":77,"column":37},"end":{"line":91,"column":6}},"25":{"start":{"line":93,"column":4},"end":{"line":100,"column":7}},"26":{"start":{"line":102,"column":4},"end":{"line":102,"column":55}},"27":{"start":{"line":103,"column":4},"end":{"line":103,"column":52}},"28":{"start":{"line":105,"column":4},"end":{"line":105,"column":44}},"29":{"start":{"line":107,"column":4},"end":{"line":107,"column":56}},"30":{"start":{"line":108,"column":4},"end":{"line":108,"column":68}},"31":{"start":{"line":116,"column":0},"end":{"line":151,"column":3}},"32":{"start":{"line":117,"column":17},"end":{"line":117,"column":27}},"33":{"start":{"line":118,"column":2},"end":{"line":118,"column":72}},"34":{"start":{"line":118,"column":17},"end":{"line":118,"column":72}},"35":{"start":{"line":120,"column":2},"end":{"line":150,"column":3}},"36":{"start":{"line":121,"column":19},"end":{"line":121,"column":68}},"37":{"start":{"line":122,"column":4},"end":{"line":122,"column":69}},"38":{"start":{"line":122,"column":17},"end":{"line":122,"column":69}},"39":{"start":{"line":124,"column":29},"end":{"line":124,"column":89}},"40":{"start":{"line":126,"column":26},"end":{"line":134,"column":6}},"41":{"start":{"line":136,"column":4},"end":{"line":143,"column":7}},"42":{"start":{"line":145,"column":4},"end":{"line":145,"column":47}},"43":{"start":{"line":147,"column":4},"end":{"line":147,"column":51}},"44":{"start":{"line":149,"column":4},"end":{"line":149,"column":68}},"45":{"start":{"line":157,"column":0},"end":{"line":199,"column":3}},"46":{"start":{"line":158,"column":17},"end":{"line":158,"column":27}},"47":{"start":{"line":159,"column":43},"end":{"line":159,"column":51}},"48":{"start":{"line":160,"column":2},"end":{"line":160,"column":72}},"49":{"start":{"line":160,"column":17},"end":{"line":160,"column":72}},"50":{"start":{"line":162,"column":2},"end":{"line":198,"column":3}},"51":{"start":{"line":163,"column":19},"end":{"line":163,"column":68}},"52":{"start":{"line":164,"column":4},"end":{"line":164,"column":69}},"53":{"start":{"line":164,"column":17},"end":{"line":164,"column":69}},"54":{"start":{"line":166,"column":31},"end":{"line":166,"column":91}},"55":{"start":{"line":168,"column":44},"end":{"line":181,"column":6}},"56":{"start":{"line":183,"column":4},"end":{"line":190,"column":7}},"57":{"start":{"line":192,"column":4},"end":{"line":192,"column":55}},"58":{"start":{"line":193,"column":4},"end":{"line":193,"column":47}},"59":{"start":{"line":195,"column":4},"end":{"line":195,"column":51}},"60":{"start":{"line":197,"column":4},"end":{"line":197,"column":68}},"61":{"start":{"line":205,"column":0},"end":{"line":231,"column":3}},"62":{"start":{"line":206,"column":2},"end":{"line":206,"column":72}},"63":{"start":{"line":206,"column":17},"end":{"line":206,"column":72}},"64":{"start":{"line":207,"column":2},"end":{"line":230,"column":3}},"65":{"start":{"line":208,"column":17},"end":{"line":216,"column":6}},"66":{"start":{"line":219,"column":4},"end":{"line":227,"column":9}},"67":{"start":{"line":219,"column":42},"end":{"line":227,"column":6}},"68":{"start":{"line":229,"column":4},"end":{"line":229,"column":68}},"69":{"start":{"line":237,"column":0},"end":{"line":265,"column":3}},"70":{"start":{"line":238,"column":39},"end":{"line":238,"column":47}},"71":{"start":{"line":239,"column":2},"end":{"line":239,"column":94}},"72":{"start":{"line":239,"column":40},"end":{"line":239,"column":94}},"73":{"start":{"line":241,"column":2},"end":{"line":264,"column":3}},"74":{"start":{"line":242,"column":16},"end":{"line":252,"column":13}},"75":{"start":{"line":254,"column":4},"end":{"line":261,"column":7}},"76":{"start":{"line":263,"column":4},"end":{"line":263,"column":68}},"77":{"start":{"line":267,"column":0},"end":{"line":267,"column":22}}},"fnMap":{"0":{"name":"formatIncident","decl":{"start":{"line":10,"column":9},"end":{"line":10,"column":23}},"loc":{"start":{"line":10,"column":35},"end":{"line":34,"column":1}}},"1":{"name":"(anonymous_1)","decl":{"start":{"line":40,"column":51},"end":{"line":40,"column":56}},"loc":{"start":{"line":40,"column":102},"end":{"line":55,"column":1}}},"2":{"name":"(anonymous_2)","decl":{"start":{"line":61,"column":52},"end":{"line":61,"column":57}},"loc":{"start":{"line":61,"column":103},"end":{"line":110,"column":1}}},"3":{"name":"(anonymous_3)","decl":{"start":{"line":116,"column":63},"end":{"line":116,"column":68}},"loc":{"start":{"line":116,"column":114},"end":{"line":151,"column":1}}},"4":{"name":"(anonymous_4)","decl":{"start":{"line":157,"column":64},"end":{"line":157,"column":69}},"loc":{"start":{"line":157,"column":115},"end":{"line":199,"column":1}}},"5":{"name":"(anonymous_5)","decl":{"start":{"line":205,"column":53},"end":{"line":205,"column":58}},"loc":{"start":{"line":205,"column":104},"end":{"line":231,"column":1}}},"6":{"name":"(anonymous_6)","decl":{"start":{"line":219,"column":29},"end":{"line":219,"column":30}},"loc":{"start":{"line":219,"column":42},"end":{"line":227,"column":6}}},"7":{"name":"(anonymous_7)","decl":{"start":{"line":237,"column":54},"end":{"line":237,"column":59}},"loc":{"start":{"line":237,"column":105},"end":{"line":265,"column":1}}}},"branchMap":{"0":{"loc":{"start":{"line":23,"column":13},"end":{"line":29,"column":12}},"type":"cond-expr","locations":[{"start":{"line":23,"column":30},"end":{"line":29,"column":6}},{"start":{"line":29,"column":8},"end":{"line":29,"column":12}}]},"1":{"loc":{"start":{"line":30,"column":14},"end":{"line":32,"column":12}},"type":"cond-expr","locations":[{"start":{"line":30,"column":32},"end":{"line":32,"column":6}},{"start":{"line":32,"column":8},"end":{"line":32,"column":12}}]},"2":{"loc":{"start":{"line":44,"column":4},"end":{"line":44,"column":39}},"type":"if","locations":[{"start":{"line":44,"column":4},"end":{"line":44,"column":39}}]},"3":{"loc":{"start":{"line":63,"column":2},"end":{"line":65,"column":3}},"type":"if","locations":[{"start":{"line":63,"column":2},"end":{"line":65,"column":3}}]},"4":{"loc":{"start":{"line":63,"column":6},"end":{"line":63,"column":46}},"type":"binary-expr","locations":[{"start":{"line":63,"column":6},"end":{"line":63,"column":15}},{"start":{"line":63,"column":19},"end":{"line":63,"column":30}},{"start":{"line":63,"column":34},"end":{"line":63,"column":46}}]},"5":{"loc":{"start":{"line":72,"column":4},"end":{"line":75,"column":5}},"type":"if","locations":[{"start":{"line":72,"column":4},"end":{"line":75,"column":5}}]},"6":{"loc":{"start":{"line":118,"column":2},"end":{"line":118,"column":72}},"type":"if","locations":[{"start":{"line":118,"column":2},"end":{"line":118,"column":72}}]},"7":{"loc":{"start":{"line":122,"column":4},"end":{"line":122,"column":69}},"type":"if","locations":[{"start":{"line":122,"column":4},"end":{"line":122,"column":69}}]},"8":{"loc":{"start":{"line":160,"column":2},"end":{"line":160,"column":72}},"type":"if","locations":[{"start":{"line":160,"column":2},"end":{"line":160,"column":72}}]},"9":{"loc":{"start":{"line":164,"column":4},"end":{"line":164,"column":69}},"type":"if","locations":[{"start":{"line":164,"column":4},"end":{"line":164,"column":69}}]},"10":{"loc":{"start":{"line":206,"column":2},"end":{"line":206,"column":72}},"type":"if","locations":[{"start":{"line":206,"column":2},"end":{"line":206,"column":72}}]},"11":{"loc":{"start":{"line":239,"column":2},"end":{"line":239,"column":94}},"type":"if","locations":[{"start":{"line":239,"column":2},"end":{"line":239,"column":94}}]},"12":{"loc":{"start":{"line":239,"column":6},"end":{"line":239,"column":38}},"type":"binary-expr","locations":[{"start":{"line":239,"column":6},"end":{"line":239,"column":15}},{"start":{"line":239,"column":19},"end":{"line":239,"column":28}},{"start":{"line":239,"column":32},"end":{"line":239,"column":38}}]},"13":{"loc":{"start":{"line":260,"column":20},"end":{"line":260,"column":47}},"type":"binary-expr","locations":[{"start":{"line":260,"column":20},"end":{"line":260,"column":41}},{"start":{"line":260,"column":45},"end":{"line":260,"column":47}}]}},"s":{"0":0,"1":0,"2":0,"3":0,"4":0,"5":0,"6":0,"7":0,"8":0,"9":0,"10":0,"11":0,"12":0,"13":0,"14":0,"15":0,"16":0,"17":0,"18":0,"19":0,"20":0,"21":0,"22":0,"23":0,"24":0,"25":0,"26":0,"27":0,"28":0,"29":0,"30":0,"31":0,"32":0,"33":0,"34":0,"35":0,"36":0,"37":0,"38":0,"39":0,"40":0,"41":0,"42":0,"43":0,"44":0,"45":0,"46":0,"47":0,"48":0,"49":0,"50":0,"51":0,"52":0,"53":0,"54":0,"55":0,"56":0,"57":0,"58":0,"59":0,"60":0,"61":0,"62":0,"63":0,"64":0,"65":0,"66":0,"67":0,"68":0,"69":0,"70":0,"71":0,"72":0,"73":0,"74":0,"75":0,"76":0,"77":0},"f":{"0":0,"1":0,"2":0,"3":0,"4":0,"5":0,"6":0,"7":0},"b":{"0":[0,0],"1":[0,0],"2":[0],"3":[0],"4":[0,0,0],"5":[0],"6":[0],"7":[0],"8":[0],"9":[0],"10":[0],"11":[0],"12":[0,0,0],"13":[0,0]}}
,"D:\\Work\\TBS II\\backend\\src\\routes\\departments.ts": {"path":"D:\\Work\\TBS II\\backend\\src\\routes\\departments.ts","statementMap":{"0":{"start":{"line":1,"column":0},"end":{"line":1,"column":43}},"1":{"start":{"line":2,"column":0},"end":{"line":2,"column":46}},"2":{"start":{"line":3,"column":0},"end":{"line":3,"column":96}},"3":{"start":{"line":5,"column":15},"end":{"line":5,"column":23}},"4":{"start":{"line":6,"column":15},"end":{"line":6,"column":33}},"5":{"start":{"line":12,"column":0},"end":{"line":24,"column":3}},"6":{"start":{"line":13,"column":2},"end":{"line":23,"column":3}},"7":{"start":{"line":14,"column":24},"end":{"line":19,"column":6}},"8":{"start":{"line":20,"column":4},"end":{"line":20,"column":33}},"9":{"start":{"line":22,"column":4},"end":{"line":22,"column":68}},"10":{"start":{"line":30,"column":0},"end":{"line":44,"column":3}},"11":{"start":{"line":31,"column":35},"end":{"line":31,"column":43}},"12":{"start":{"line":32,"column":2},"end":{"line":34,"column":3}},"13":{"start":{"line":33,"column":4},"end":{"line":33,"column":98}},"14":{"start":{"line":36,"column":2},"end":{"line":43,"column":3}},"15":{"start":{"line":37,"column":17},"end":{"line":39,"column":6}},"16":{"start":{"line":40,"column":4},"end":{"line":40,"column":38}},"17":{"start":{"line":42,"column":4},"end":{"line":42,"column":68}},"18":{"start":{"line":50,"column":0},"end":{"line":59,"column":3}},"19":{"start":{"line":51,"column":2},"end":{"line":58,"column":3}},"20":{"start":{"line":52,"column":18},"end":{"line":54,"column":6}},"21":{"start":{"line":55,"column":4},"end":{"line":55,"column":27}},"22":{"start":{"line":57,"column":4},"end":{"line":57,"column":68}},"23":{"start":{"line":61,"column":0},"end":{"line":61,"column":22}}},"fnMap":{"0":{"name":"(anonymous_0)","decl":{"start":{"line":12,"column":42},"end":{"line":12,"column":47}},"loc":{"start":{"line":12,"column":93},"end":{"line":24,"column":1}}},"1":{"name":"(anonymous_1)","decl":{"start":{"line":30,"column":87},"end":{"line":30,"column":92}},"loc":{"start":{"line":30,"column":138},"end":{"line":44,"column":1}}},"2":{"name":"(anonymous_2)","decl":{"start":{"line":50,"column":47},"end":{"line":50,"column":52}},"loc":{"start":{"line":50,"column":98},"end":{"line":59,"column":1}}}},"branchMap":{"0":{"loc":{"start":{"line":32,"column":2},"end":{"line":34,"column":3}},"type":"if","locations":[{"start":{"line":32,"column":2},"end":{"line":34,"column":3}}]},"1":{"loc":{"start":{"line":32,"column":6},"end":{"line":32,"column":20}},"type":"binary-expr","locations":[{"start":{"line":32,"column":6},"end":{"line":32,"column":11}},{"start":{"line":32,"column":15},"end":{"line":32,"column":20}}]}},"s":{"0":0,"1":0,"2":0,"3":0,"4":0,"5":0,"6":0,"7":0,"8":0,"9":0,"10":0,"11":0,"12":0,"13":0,"14":0,"15":0,"16":0,"17":0,"18":0,"19":0,"20":0,"21":0,"22":0,"23":0},"f":{"0":0,"1":0,"2":0},"b":{"0":[0],"1":[0,0]}}
,"D:\\Work\\TBS II\\backend\\src\\routes\\documents.ts": {"path":"D:\\Work\\TBS II\\backend\\src\\routes\\documents.ts","statementMap":{"0":{"start":{"line":1,"column":0},"end":{"line":1,"column":43}},"1":{"start":{"line":2,"column":0},"end":{"line":2,"column":46}},"2":{"start":{"line":3,"column":0},"end":{"line":3,"column":77}},"3":{"start":{"line":4,"column":0},"end":{"line":4,"column":47}},"4":{"start":{"line":6,"column":15},"end":{"line":6,"column":23}},"5":{"start":{"line":7,"column":15},"end":{"line":7,"column":33}},"6":{"start":{"line":14,"column":23},"end":{"line":19,"column":4}},"7":{"start":{"line":20,"column":2},"end":{"line":20,"column":26}},"8":{"start":{"line":27,"column":0},"end":{"line":125,"column":3}},"9":{"start":{"line":28,"column":59},"end":{"line":28,"column":67}},"10":{"start":{"line":29,"column":2},"end":{"line":31,"column":3}},"11":{"start":{"line":30,"column":4},"end":{"line":30,"column":108}},"12":{"start":{"line":33,"column":2},"end":{"line":124,"column":3}},"13":{"start":{"line":35,"column":22},"end":{"line":35,"column":70}},"14":{"start":{"line":36,"column":4},"end":{"line":41,"column":5}},"15":{"start":{"line":37,"column":6},"end":{"line":40,"column":9}},"16":{"start":{"line":44,"column":21},"end":{"line":46,"column":6}},"17":{"start":{"line":48,"column":23},"end":{"line":48,"column":33}},"18":{"start":{"line":49,"column":40},"end":{"line":49,"column":44}},"19":{"start":{"line":50,"column":35},"end":{"line":50,"column":39}},"20":{"start":{"line":52,"column":4},"end":{"line":71,"column":5}},"21":{"start":{"line":53,"column":20},"end":{"line":53,"column":55}},"22":{"start":{"line":54,"column":6},"end":{"line":70,"column":7}},"23":{"start":{"line":55,"column":26},"end":{"line":55,"column":34}},"24":{"start":{"line":56,"column":8},"end":{"line":56,"column":38}},"25":{"start":{"line":59,"column":25},"end":{"line":64,"column":10}},"26":{"start":{"line":66,"column":8},"end":{"line":66,"column":55}},"27":{"start":{"line":68,"column":25},"end":{"line":68,"column":48}},"28":{"start":{"line":69,"column":8},"end":{"line":69,"column":71}},"29":{"start":{"line":74,"column":16},"end":{"line":89,"column":6}},"30":{"start":{"line":92,"column":4},"end":{"line":100,"column":7}},"31":{"start":{"line":103,"column":4},"end":{"line":115,"column":5}},"32":{"start":{"line":104,"column":6},"end":{"line":114,"column":8}},"33":{"start":{"line":106,"column":10},"end":{"line":112,"column":12}},"34":{"start":{"line":118,"column":4},"end":{"line":118,"column":35}},"35":{"start":{"line":120,"column":4},"end":{"line":120,"column":54}},"36":{"start":{"line":122,"column":4},"end":{"line":122,"column":53}},"37":{"start":{"line":123,"column":4},"end":{"line":123,"column":68}},"38":{"start":{"line":131,"column":0},"end":{"line":170,"column":3}},"39":{"start":{"line":132,"column":2},"end":{"line":132,"column":72}},"40":{"start":{"line":132,"column":17},"end":{"line":132,"column":72}},"41":{"start":{"line":134,"column":2},"end":{"line":169,"column":3}},"42":{"start":{"line":135,"column":17},"end":{"line":135,"column":30}},"43":{"start":{"line":136,"column":27},"end":{"line":136,"column":29}},"44":{"start":{"line":138,"column":4},"end":{"line":154,"column":5}},"45":{"start":{"line":144,"column":29},"end":{"line":147,"column":8}},"46":{"start":{"line":149,"column":6},"end":{"line":151,"column":7}},"47":{"start":{"line":150,"column":8},"end":{"line":150,"column":62}},"48":{"start":{"line":153,"column":6},"end":{"line":153,"column":31}},"49":{"start":{"line":156,"column":17},"end":{"line":164,"column":6}},"50":{"start":{"line":166,"column":4},"end":{"line":166,"column":26}},"51":{"start":{"line":168,"column":4},"end":{"line":168,"column":68}},"52":{"start":{"line":176,"column":0},"end":{"line":276,"column":3}},"53":{"start":{"line":177,"column":17},"end":{"line":177,"column":27}},"54":{"start":{"line":178,"column":22},"end":{"line":178,"column":30}},"55":{"start":{"line":179,"column":2},"end":{"line":179,"column":72}},"56":{"start":{"line":179,"column":17},"end":{"line":179,"column":72}},"57":{"start":{"line":181,"column":2},"end":{"line":275,"column":3}},"58":{"start":{"line":182,"column":16},"end":{"line":184,"column":6}},"59":{"start":{"line":186,"column":4},"end":{"line":188,"column":5}},"60":{"start":{"line":187,"column":6},"end":{"line":187,"column":90}},"61":{"start":{"line":191,"column":4},"end":{"line":193,"column":5}},"62":{"start":{"line":192,"column":6},"end":{"line":192,"column":117}},"63":{"start":{"line":195,"column":21},"end":{"line":197,"column":6}},"64":{"start":{"line":199,"column":20},"end":{"line":199,"column":30}},"65":{"start":{"line":200,"column":40},"end":{"line":200,"column":44}},"66":{"start":{"line":201,"column":39},"end":{"line":201,"column":43}},"67":{"start":{"line":202,"column":26},"end":{"line":202,"column":35}},"68":{"start":{"line":204,"column":4},"end":{"line":225,"column":5}},"69":{"start":{"line":205,"column":20},"end":{"line":205,"column":55}},"70":{"start":{"line":206,"column":27},"end":{"line":206,"column":75}},"71":{"start":{"line":206,"column":51},"end":{"line":206,"column":74}},"72":{"start":{"line":208,"column":6},"end":{"line":224,"column":7}},"73":{"start":{"line":209,"column":25},"end":{"line":209,"column":48}},"74":{"start":{"line":210,"column":8},"end":{"line":210,"column":34}},"75":{"start":{"line":213,"column":25},"end":{"line":218,"column":10}},"76":{"start":{"line":220,"column":8},"end":{"line":220,"column":55}},"77":{"start":{"line":222,"column":25},"end":{"line":222,"column":47}},"78":{"start":{"line":223,"column":8},"end":{"line":223,"column":75}},"79":{"start":{"line":227,"column":16},"end":{"line":227,"column":26}},"80":{"start":{"line":228,"column":26},"end":{"line":228,"column":73}},"81":{"start":{"line":229,"column":22},"end":{"line":229,"column":104}},"82":{"start":{"line":231,"column":25},"end":{"line":267,"column":6}},"83":{"start":{"line":269,"column":4},"end":{"line":269,"column":46}},"84":{"start":{"line":271,"column":4},"end":{"line":271,"column":61}},"85":{"start":{"line":273,"column":4},"end":{"line":273,"column":53}},"86":{"start":{"line":274,"column":4},"end":{"line":274,"column":68}},"87":{"start":{"line":282,"column":0},"end":{"line":329,"column":3}},"88":{"start":{"line":283,"column":17},"end":{"line":283,"column":27}},"89":{"start":{"line":284,"column":22},"end":{"line":284,"column":30}},"90":{"start":{"line":285,"column":2},"end":{"line":285,"column":72}},"91":{"start":{"line":285,"column":17},"end":{"line":285,"column":72}},"92":{"start":{"line":287,"column":2},"end":{"line":328,"column":3}},"93":{"start":{"line":288,"column":16},"end":{"line":290,"column":6}},"94":{"start":{"line":292,"column":4},"end":{"line":294,"column":5}},"95":{"start":{"line":293,"column":6},"end":{"line":293,"column":58}},"96":{"start":{"line":296,"column":4},"end":{"line":298,"column":5}},"97":{"start":{"line":297,"column":6},"end":{"line":297,"column":58}},"98":{"start":{"line":300,"column":25},"end":{"line":321,"column":6}},"99":{"start":{"line":323,"column":4},"end":{"line":323,"column":46}},"100":{"start":{"line":325,"column":4},"end":{"line":325,"column":61}},"101":{"start":{"line":327,"column":4},"end":{"line":327,"column":68}},"102":{"start":{"line":335,"column":0},"end":{"line":389,"column":3}},"103":{"start":{"line":336,"column":2},"end":{"line":388,"column":3}},"104":{"start":{"line":337,"column":16},"end":{"line":337,"column":26}},"105":{"start":{"line":340,"column":24},"end":{"line":345,"column":6}},"106":{"start":{"line":347,"column":4},"end":{"line":382,"column":5}},"107":{"start":{"line":348,"column":6},"end":{"line":381,"column":8}},"108":{"start":{"line":351,"column":29},"end":{"line":358,"column":12}},"109":{"start":{"line":361,"column":10},"end":{"line":369,"column":13}},"110":{"start":{"line":372,"column":10},"end":{"line":379,"column":13}},"111":{"start":{"line":384,"column":4},"end":{"line":384,"column":75}},"112":{"start":{"line":386,"column":4},"end":{"line":386,"column":45}},"113":{"start":{"line":387,"column":4},"end":{"line":387,"column":68}},"114":{"start":{"line":391,"column":0},"end":{"line":391,"column":22}}},"fnMap":{"0":{"name":"isDepartmentBlocked","decl":{"start":{"line":13,"column":15},"end":{"line":13,"column":34}},"loc":{"start":{"line":13,"column":55},"end":{"line":21,"column":1}}},"1":{"name":"(anonymous_1)","decl":{"start":{"line":27,"column":43},"end":{"line":27,"column":48}},"loc":{"start":{"line":27,"column":94},"end":{"line":125,"column":1}}},"2":{"name":"(anonymous_2)","decl":{"start":{"line":105,"column":30},"end":{"line":105,"column":31}},"loc":{"start":{"line":106,"column":10},"end":{"line":112,"column":12}}},"3":{"name":"(anonymous_3)","decl":{"start":{"line":131,"column":42},"end":{"line":131,"column":47}},"loc":{"start":{"line":131,"column":93},"end":{"line":170,"column":1}}},"4":{"name":"(anonymous_4)","decl":{"start":{"line":176,"column":54},"end":{"line":176,"column":59}},"loc":{"start":{"line":176,"column":105},"end":{"line":276,"column":1}}},"5":{"name":"(anonymous_5)","decl":{"start":{"line":206,"column":43},"end":{"line":206,"
[...]
t":{"line":32,"column":17},"end":{"line":32,"column":18}},"11":{"start":{"line":33,"column":4},"end":{"line":56,"column":5}},"12":{"start":{"line":34,"column":21},"end":{"line":36,"column":8}},"13":{"start":{"line":37,"column":6},"end":{"line":55,"column":7}},"14":{"start":{"line":39,"column":23},"end":{"line":39,"column":84}},"15":{"start":{"line":40,"column":26},"end":{"line":40,"column":93}},"16":{"start":{"line":42,"column":8},"end":{"line":54,"column":9}},"17":{"start":{"line":43,"column":10},"end":{"line":52,"column":13}},"18":{"start":{"line":53,"column":10},"end":{"line":53,"column":19}},"19":{"start":{"line":58,"column":4},"end":{"line":58,"column":90}},"20":{"start":{"line":60,"column":4},"end":{"line":60,"column":106}},"21":{"start":{"line":64,"column":2},"end":{"line":103,"column":3}},"22":{"start":{"line":65,"column":16},"end":{"line":65,"column":48}},"23":{"start":{"line":66,"column":16},"end":{"line":66,"column":32}},"24":{"start":{"line":67,"column":4},"end":{"line":67,"column":62}},"25":{"start":{"line":67,"column":17},"end":{"line":67,"column":62}},"26":{"start":{"line":68,"column":17},"end":{"line":68,"column":33}},"27":{"start":{"line":71,"column":20},"end":{"line":71,"column":90}},"28":{"start":{"line":72,"column":17},"end":{"line":72,"column":18}},"29":{"start":{"line":74,"column":4},"end":{"line":98,"column":5}},"30":{"start":{"line":76,"column":24},"end":{"line":76,"column":91}},"31":{"start":{"line":77,"column":21},"end":{"line":77,"column":82}},"32":{"start":{"line":79,"column":6},"end":{"line":97,"column":7}},"33":{"start":{"line":80,"column":22},"end":{"line":80,"column":76}},"34":{"start":{"line":81,"column":23},"end":{"line":83,"column":10}},"35":{"start":{"line":84,"column":8},"end":{"line":96,"column":9}},"36":{"start":{"line":85,"column":10},"end":{"line":94,"column":13}},"37":{"start":{"line":95,"column":10},"end":{"line":95,"column":21}},"38":{"start":{"line":100,"column":4},"end":{"line":100,"column":92}},"39":{"start":{"line":102,"column":4},"end":{"line":102,"column":108}},"40":{"start":{"line":106,"column":2},"end":{"line":146,"column":3}},"41":{"start":{"line":107,"column":16},"end":{"line":107,"column":42}},"42":{"start":{"line":108,"column":16},"end":{"line":108,"column":32}},"43":{"start":{"line":109,"column":4},"end":{"line":109,"column":62}},"44":{"start":{"line":109,"column":17},"end":{"line":109,"column":62}},"45":{"start":{"line":110,"column":17},"end":{"line":110,"column":33}},"46":{"start":{"line":113,"column":20},"end":{"line":113,"column":81}},"47":{"start":{"line":114,"column":17},"end":{"line":114,"column":18}},"48":{"start":{"line":116,"column":4},"end":{"line":141,"column":5}},"49":{"start":{"line":117,"column":24},"end":{"line":117,"column":91}},"50":{"start":{"line":118,"column":21},"end":{"line":118,"column":82}},"51":{"start":{"line":120,"column":6},"end":{"line":140,"column":7}},"52":{"start":{"line":121,"column":8},"end":{"line":139,"column":9}},"53":{"start":{"line":121,"column":21},"end":{"line":121,"column":22}},"54":{"start":{"line":122,"column":29},"end":{"line":122,"column":70}},"55":{"start":{"line":123,"column":25},"end":{"line":125,"column":12}},"56":{"start":{"line":126,"column":10},"end":{"line":138,"column":11}},"57":{"start":{"line":127,"column":12},"end":{"line":136,"column":15}},"58":{"start":{"line":137,"column":12},"end":{"line":137,"column":21}},"59":{"start":{"line":143,"column":4},"end":{"line":143,"column":89}},"60":{"start":{"line":145,"column":4},"end":{"line":145,"column":105}},"61":{"start":{"line":148,"column":2},"end":{"line":148,"column":17}},"62":{"start":{"line":153,"column":2},"end":{"line":153,"column":14}}},"fnMap":{"0":{"name":"runContentSync","decl":{"start":{"line":15,"column":22},"end":{"line":15,"column":36}},"loc":{"start":{"line":15,"column":36},"end":{"line":149,"column":1}}},"1":{"name":"adminActive","decl":{"start":{"line":152,"column":9},"end":{"line":152,"column":20}},"loc":{"start":{"line":152,"column":20},"end":{"line":154,"column":1}}}},"branchMap":{"0":{"loc":{"start":{"line":22,"column":4},"end":{"line":22,"column":62}},"type":"if","locations":[{"start":{"line":22,"column":4},"end":{"line":22,"column":62}}]},"1":{"loc":{"start":{"line":37,"column":6},"end":{"line":55,"column":7}},"type":"if","locations":[{"start":{"line":37,"column":6},"end":{"line":55,"column":7}}]},"2":{"loc":{"start":{"line":42,"column":8},"end":{"line":54,"column":9}},"type":"if","locations":[{"start":{"line":42,"column":8},"end":{"line":54,"column":9}}]},"3":{"loc":{"start":{"line":42,"column":12},"end":{"line":42,"column":31}},"type":"binary-expr","locations":[{"start":{"line":42,"column":12},"end":{"line":42,"column":18}},{"start":{"line":42,"column":22},"end":{"line":42,"column":31}}]},"4":{"loc":{"start":{"line":67,"column":4},"end":{"line":67,"column":62}},"type":"if","locations":[{"start":{"line":67,"column":4},"end":{"line":67,"column":62}}]},"5":{"loc":{"start":{"line":74,"column":4},"end":{"line":98,"column":5}},"type":"if","locations":[{"start":{"line":74,"column":4},"end":{"line":98,"column":5}}]},"6":{"loc":{"start":{"line":79,"column":6},"end":{"line":97,"column":7}},"type":"if","locations":[{"start":{"line":79,"column":6},"end":{"line":97,"column":7}}]},"7":{"loc":{"start":{"line":79,"column":10},"end":{"line":79,"column":29}},"type":"binary-expr","locations":[{"start":{"line":79,"column":10},"end":{"line":79,"column":19}},{"start":{"line":79,"column":23},"end":{"line":79,"column":29}}]},"8":{"loc":{"start":{"line":84,"column":8},"end":{"line":96,"column":9}},"type":"if","locations":[{"start":{"line":84,"column":8},"end":{"line":96,"column":9}}]},"9":{"loc":{"start":{"line":109,"column":4},"end":{"line":109,"column":62}},"type":"if","locations":[{"start":{"line":109,"column":4},"end":{"line":109,"column":62}}]},"10":{"loc":{"start":{"line":116,"column":4},"end":{"line":141,"column":5}},"type":"if","locations":[{"start":{"line":116,"column":4},"end":{"line":141,"column":5}}]},"11":{"loc":{"start":{"line":116,"column":8},"end":{"line":116,"column":32}},"type":"binary-expr","locations":[{"start":{"line":116,"column":8},"end":{"line":116,"column":15}},{"start":{"line":116,"column":19},"end":{"line":116,"column":32}}]},"12":{"loc":{"start":{"line":120,"column":6},"end":{"line":140,"column":7}},"type":"if","locations":[{"start":{"line":120,"column":6},"end":{"line":140,"column":7}}]},"13":{"loc":{"start":{"line":120,"column":10},"end":{"line":120,"column":29}},"type":"binary-expr","locations":[{"start":{"line":120,"column":10},"end":{"line":120,"column":19}},{"start":{"line":120,"column":23},"end":{"line":120,"column":29}}]},"14":{"loc":{"start":{"line":126,"column":10},"end":{"line":138,"column":11}},"type":"if","locations":[{"start":{"line":126,"column":10},"end":{"line":138,"column":11}}]}},"s":{"0":0,"1":0,"2":0,"3":0,"4":0,"5":0,"6":0,"7":0,"8":0,"9":0,"10":0,"11":0,"12":0,"13":0,"14":0,"15":0,"16":0,"17":0,"18":0,"19":0,"20":0,"21":0,"22":0,"23":0,"24":0,"25":0,"26":0,"27":0,"28":0,"29":0,"30":0,"31":0,"32":0,"33":0,"34":0,"35":0,"36":0,"37":0,"38":0,"39":0,"40":0,"41":0,"42":0,"43":0,"44":0,"45":0,"46":0,"47":0,"48":0,"49":0,"50":0,"51":0,"52":0,"53":0,"54":0,"55":0,"56":0,"57":0,"58":0,"59":0,"60":0,"61":0,"62":0},"f":{"0":0,"1":0},"b":{"0":[0],"1":[0],"2":[0],"3":[0,0],"4":[0],"5":[0],"6":[0],"7":[0,0],"8":[0],"9":[0],"10":[0],"11":[0,0],"12":[0],"13":[0,0],"14":[0]}}
,"D:\\Work\\TBS II\\backend\\src\\utils\\crypto.ts": {"path":"D:\\Work\\TBS II\\backend\\src\\utils\\crypto.ts","statementMap":{"0":{"start":{"line":11,"column":0},"end":{"line":11,"column":16}},"1":{"start":{"line":20,"column":0},"end":{"line":20,"column":16}},"2":{"start":{"line":44,"column":0},"end":{"line":44,"column":16}},"3":{"start":{"line":1,"column":0},"end":{"line":1,"column":28}},"4":{"start":{"line":3,"column":19},"end":{"line":3,"column":25}},"5":{"start":{"line":4,"column":16},"end":{"line":4,"column":18}},"6":{"start":{"line":5,"column":15},"end":{"line":5,"column":23}},"7":{"start":{"line":12,"column":15},"end":{"line":12,"column":53}},"8":{"start":{"line":13,"column":15},"end":{"line":13,"column":93}},"9":{"start":{"line":14,"column":2},"end":{"line":14,"column":55}},"10":{"start":{"line":21,"column":2},"end":{"line":37,"column":3}},"11":{"start":{"line":22,"column":18},"end":{"line":22,"column":39}},"12":{"start":{"line":23,"column":4},"end":{"line":25,"column":5}},"13":{"start":{"line":24,"column":6},"end":{"line":24,"column":19}},"14":{"start":{"line":27,"column":23},"end":{"line":27,"column":45}},"15":{"start":{"line":28,"column":17},"end":{"line":28,"column":25}},"16":{"start":{"line":29,"column":25},"end":{"line":29,"column":33}},"17":{"start":{"line":31,"column":17},"end":{"line":31,"column":95}},"18":{"start":{"line":34,"column":4},"end":{"line":34,"column":94}},"19":{"start":{"line":36,"column":4},"end":{"line":36,"column":17}},"20":{"start":{"line":45,"column":2},"end":{"line":45,"column":40}},"21":{"start":{"line":45,"column":27},"end":{"line":45,"column":40}},"22":{"start":{"line":46,"column":23},"end":{"line":46,"column":45}},"23":{"start":{"line":47,"column":23},"end":{"line":47,"column":45}},"24":{"start":{"line":48,"column":19},"end":{"line":48,"column":41}},"25":{"start":{"line":49,"column":21},"end":{"line":49,"column":50}},"26":{"start":{"line":50,"column":2},"end":{"line":50,"column":64}}},"fnMap":{"0":{"name":"hashPassword","decl":{"start":{"line":11,"column":16},"end":{"line":11,"column":28}},"loc":{"start":{"line":11,"column":45},"end":{"line":15,"column":1}}},"1":{"name":"verifyPassword","decl":{"start":{"line":20,"column":16},"end":{"line":20,"column":30}},"loc":{"start":{"line":20,"column":67},"end":{"line":38,"column":1}}},"2":{"name":"isPasswordStrong","decl":{"start":{"line":44,"column":16},"end":{"line":44,"column":32}},"loc":{"start":{"line":44,"column":49},"end":{"line":51,"column":1}}}},"branchMap":{"0":{"loc":{"start":{"line":23,"column":4},"end":{"line":25,"column":5}},"type":"if","locations":[{"start":{"line":23,"column":4},"end":{"line":25,"column":5}}]},"1":{"loc":{"start":{"line":23,"column":8},"end":{"line":23,"column":58}},"type":"binary-expr","locations":[{"start":{"line":23,"column":8},"end":{"line":23,"column":26}},{"start":{"line":23,"column":30},"end":{"line":23,"column":58}}]},"2":{"loc":{"start":{"line":45,"column":2},"end":{"line":45,"column":40}},"type":"if","locations":[{"start":{"line":45,"column":2},"end":{"line":45,"column":40}}]},"3":{"loc":{"start":{"line":50,"column":9},"end":{"line":50,"column":63}},"type":"binary-expr","locations":[{"start":{"line":50,"column":9},"end":{"line":50,"column":21}},{"start":{"line":50,"column":25},"end":{"line":50,"column":37}},{"start":{"line":50,"column":41},"end":{"line":50,"column":49}},{"start":{"line":50,"column":53},"end":{"line":50,"column":63}}]}},"s":{"0":0,"1":0,"2":0,"3":0,"4":0,"5":0,"6":0,"7":0,"8":0,"9":0,"10":0,"11":0,"12":0,"13":0,"14":0,"15":0,"16":0,"17":0,"18":0,"19":0,"20":0,"21":0,"22":0,"23":0,"24":0,"25":0,"26":0},"f":{"0":0,"1":0,"2":0},"b":{"0":[0],"1":[0,0],"2":[0],"3":[0,0,0,0]}}
,"D:\\Work\\TBS II\\backend\\src\\utils\\redis.ts": {"path":"D:\\Work\\TBS II\\backend\\src\\utils\\redis.ts","statementMap":{"0":{"start":{"line":1,"column":0},"end":{"line":1,"column":28}},"1":{"start":{"line":3,"column":17},"end":{"line":3,"column":66}},"2":{"start":{"line":5,"column":26},"end":{"line":5,"column":30}},"3":{"start":{"line":32,"column":9},"end":{"line":32,"column":14}},"4":{"start":{"line":7,"column":0},"end":{"line":30,"column":1}},"5":{"start":{"line":8,"column":2},"end":{"line":18,"column":5}},"6":{"start":{"line":12,"column":6},"end":{"line":15,"column":7}},"7":{"start":{"line":13,"column":8},"end":{"line":13,"column":96}},"8":{"start":{"line":14,"column":8},"end":{"line":14,"column":20}},"9":{"start":{"line":16,"column":6},"end":{"line":16,"column":41}},"10":{"start":{"line":20,"column":2},"end":{"line":22,"column":5}},"11":{"start":{"line":21,"column":4},"end":{"line":21,"column":77}},"12":{"start":{"line":24,"column":2},"end":{"line":27,"column":5}},"13":{"start":{"line":26,"column":4},"end":{"line":26,"column":55}},"14":{"start":{"line":29,"column":2},"end":{"line":29,"column":69}}},"fnMap":{"0":{"name":"(anonymous_1)","decl":{"start":{"line":11,"column":4},"end":{"line":11,"column":17}},"loc":{"start":{"line":11,"column":23},"end":{"line":17,"column":5}}},"1":{"name":"(anonymous_2)","decl":{"start":{"line":20,"column":24},"end":{"line":20,"column":25}},"loc":{"start":{"line":20,"column":32},"end":{"line":22,"column":3}}},"2":{"name":"(anonymous_3)","decl":{"start":{"line":24,"column":20},"end":{"line":24,"column":21}},"loc":{"start":{"line":24,"column":28},"end":{"line":27,"column":3}}}},"branchMap":{"0":{"loc":{"start":{"line":3,"column":17},"end":{"line":3,"column":66}},"type":"binary-expr","locations":[{"start":{"line":3,"column":17},"end":{"line":3,"column":38}},{"start":{"line":3,"column":42},"end":{"line":3,"column":66}}]},"1":{"loc":{"start":{"line":12,"column":6},"end":{"line":15,"column":7}},"type":"if","locations":[{"start":{"line":12,"column":6},"end":{"line":15,"column":7}}]}},"s":{"0":0,"1":0,"2":0,"3":0,"4":0,"5":0,"6":0,"7":0,"8":0,"9":0,"10":0,"11":0,"12":0,"13":0,"14":0},"f":{"0":0,"1":0,"2":0},"b":{"0":[0,0],"1":[0]}}
,"D:\\Work\\TBS II\\backend\\src\\utils\\seed.ts": {"path":"D:\\Work\\TBS II\\backend\\src\\utils\\seed.ts","statementMap":{"0":{"start":{"line":6,"column":0},"end":{"line":6,"column":7}},"1":{"start":{"line":1,"column":0},"end":{"line":1,"column":46}},"2":{"start":{"line":2,"column":0},"end":{"line":2,"column":40}},"3":{"start":{"line":4,"column":15},"end":{"line":4,"column":33}},"4":{"start":{"line":7,"column":2},"end":{"line":211,"column":3}},"5":{"start":{"line":9,"column":23},"end":{"line":9,"column":48}},"6":{"start":{"line":10,"column":4},"end":{"line":24,"column":5}},"7":{"start":{"line":11,"column":6},"end":{"line":11,"column":83}},"8":{"start":{"line":13,"column":28},"end":{"line":15,"column":8}},"9":{"start":{"line":16,"column":6},"end":{"line":22,"column":7}},"10":{"start":{"line":17,"column":8},"end":{"line":20,"column":11}},"11":{"start":{"line":21,"column":8},"end":{"line":21,"column":60}},"12":{"start":{"line":23,"column":6},"end":{"line":23,"column":13}},"13":{"start":{"line":26,"column":4},"end":{"line":26,"column":55}},"14":{"start":{"line":29,"column":19},"end":{"line":34,"column":6}},"15":{"start":{"line":36,"column":21},"end":{"line":41,"column":6}},"16":{"start":{"line":43,"column":25},"end":{"line":52,"column":6}},"17":{"start":{"line":54,"column":30},"end":{"line":63,"column":6}},"18":{"start":{"line":65,"column":28},"end":{"line":74,"column":6}},"19":{"start":{"line":76,"column":29},"end":{"line":85,"column":6}},"20":{"start":{"line":88,"column":19},"end":{"line":88,"column":103}},"21":{"start":{"line":89,"column":16},"end":{"line":89,"column":98}},"22":{"start":{"line":90,"column":17},"end":{"line":90,"column":104}},"23":{"start":{"line":91,"column":17},"end":{"line":91,"column":105}},"24":{"start":{"line":92,"column":17},"end":{"line":92,"column":109}},"25":{"start":{"line":93,"column":18},"end":{"line":93,"column":106}},"26":{"start":{"line":96,"column":4},"end":{"line":104,"column":7}},"27":{"start":{"line":106,"column":4},"end":{"line":114,"column":7}},"28":{"start":{"line":117,"column":23},"end":{"line":125,"column":6}},"29":{"start":{"line":128,"column":4},"end":{"line":136,"column":7}},"30":{"start":{"line":139,"column":4},"end":{"line":147,"column":7}},"31":{"start":{"line":150,"column":4},"end":{"line":158,"column":7}},"32":{"start":{"line":161,"column":4},"end":{"line":169,"column":7}},"33":{"start":{"line":173,"column":4},"end":{"line":183,"column":7}},"34":{"start":{"line":186,"column":20},"end":{"line":192,"column":6}},"35":{"start":{"line":194,"column":4},"end":{"line":200,"column":7}},"36":{"start":{"line":203,"column":4},"end":{"line":203,"column":150}},"37":{"start":{"line":204,"column":4},"end":{"line":204,"column":152}},"38":{"start":{"line":205,"column":4},"end":{"line":205,"column":159}},"39":{"start":{"line":206,"column":4},"end":{"line":206,"column":159}},"40":{"start":{"line":208,"column":4},"end":{"line":208,"column":49}},"41":{"start":{"line":210,"column":4},"end":{"line":210,"column":53}}},"fnMap":{"0":{"name":"seedDatabase","decl":{"start":{"line":6,"column":22},"end":{"line":6,"column":34}},"loc":{"start":{"line":6,"column":34},"end":{"line":212,"column":1}}}},"branchMap":{"0":{"loc":{"start":{"line":10,"column":4},"end":{"line":24,"column":5}},"type":"if","locations":[{"start":{"line":10,"column":4},"end":{"line":24,"column":5}}]},"1":{"loc":{"start":{"line":16,"column":6},"end":{"line":22,"column":7}},"type":"if","locations":[{"start":{"line":16,"column":6},"end":{"line":22,"column":7}}]}},"s":{"0":0,"1":0,"2":0,"3":0,"4":0,"5":0,"6":0,"7":0,"8":0,"9":0,"10":0,"11":0,"12":0,"13":0,"14":0,"15":0,"16":0,"17":0,"18":0,"19":0,"20":0,"21":0,"22":0,"23":0,"24":0,"25":0,"26":0,"27":0,"28":0,"29":0,"30":0,"31":0,"32":0,"33":0,"34":0,"35":0,"36":0,"37":0,"38":0,"39":0,"40":0,"41":0},"f":{"0":0},"b":{"0":[0],"1":[0]}}
,"D:\\Work\\TBS II\\backend\\src\\utils\\websocket.ts": {"path":"D:\\Work\\TBS II\\backend\\src\\utils\\websocket.ts","statementMap":{"0":{"start":{"line":6,"column":0},"end":{"line":6,"column":16}},"1":{"start":{"line":34,"column":0},"end":{"line":34,"column":16}},"2":{"start":{"line":43,"column":0},"end":{"line":43,"column":16}},"3":{"start":{"line":1,"column":0},"end":{"line":1,"column":53}},"4":{"start":{"line":4,"column":32},"end":{"line":4,"column":36}},"5":{"start":{"line":7,"column":2},"end":{"line":12,"column":5}},"6":{"start":{"line":14,"column":2},"end":{"line":26,"column":5}},"7":{"start":{"line":15,"column":4},"end":{"line":15,"column":60}},"8":{"start":{"line":18,"column":4},"end":{"line":21,"column":7}},"9":{"start":{"line":19,"column":6},"end":{"line":19,"column":28}},"10":{"start":{"line":20,"column":6},"end":{"line":20,"column":66}},"11":{"start":{"line":23,"column":4},"end":{"line":25,"column":7}},"12":{"start":{"line":24,"column":6},"end":{"line":24,"column":65}},"13":{"start":{"line":28,"column":2},"end":{"line":28,"column":12}},"14":{"start":{"line":35,"column":2},"end":{"line":37,"column":3}},"15":{"start":{"line":36,"column":4},"end":{"line":36,"column":25}},"16":{"start":{"line":44,"column":2},"end":{"line":46,"column":3}},"17":{"start":{"line":45,"column":4},"end":{"line":45,"column":34}}},"fnMap":{"0":{"name":"initWebSocket","decl":{"start":{"line":6,"column":16},"end":{"line":6,"column":29}},"loc":{"start":{"line":6,"column":74},"end":{"line":29,"column":1}}},"1":{"name":"(anonymous_1)","decl":{"start":{"line":14,"column":22},"end":{"line":14,"column":23}},"loc":{"start":{"line":14,"column":33},"end":{"line":26,"column":3}}},"2":{"name":"(anonymous_2)","decl":{"start":{"line":18,"column":27},"end":{"line":18,"column":28}},"loc":{"start":{"line":18,"column":48},"end":{"line":21,"column":5}}},"3":{"name":"(anonymous_3)","decl":{"start":{"line":23,"column":28},"end":{"line":23,"column":31}},"loc":{"start":{"line":23,"column":33},"end":{"line":25,"column":5}}},"4":{"name":"broadcast","decl":{"start":{"line":34,"column":16},"end":{"line":34,"column":25}},"loc":{"start":{"line":34,"column":50},"end":{"line":38,"column":1}}},"5":{"name":"emitToRoom","decl":{"start":{"line":43,"column":16},"end":{"line":43,"column":26}},"loc":{"start":{"line":43,"column":65},"end":{"line":47,"column":1}}}},"branchMap":{"0":{"loc":{"start":{"line":35,"column":2},"end":{"line":37,"column":3}},"type":"if","locations":[{"start":{"line":35,"column":2},"end":{"line":37,"column":3}}]},"1":{"loc":{"start":{"line":44,"column":2},"end":{"line":46,"column":3}},"type":"if","locations":[{"start":{"line":44,"column":2},"end":{"line":46,"column":3}}]}},"s":{"0":0,"1":0,"2":0,"3":0,"4":0,"5":0,"6":0,"7":0,"8":0,"9":0,"10":0,"11":0,"12":0,"13":0,"14":0,"15":0,"16":0,"17":0},"f":{"0":0,"1":0,"2":0,"3":0,"4":0,"5":0},"b":{"0":[0],"1":[0]}}
}
