TN:
SF:src\middleware\auth.ts
FN:27,authenticateToken
FN:83,requirePermission
FN:84,(anonymous_3)
FN:116,restrictToDepartment
FNF:4
FNH:0
FNDA:0,authenticateToken
FNDA:0,requirePermission
FNDA:0,(anonymous_3)
FNDA:0,restrictToDepartment
DA:2,0
DA:3,0
DA:4,0
DA:6,0
DA:7,0
DA:27,0
DA:28,0
DA:29,0
DA:31,0
DA:32,0
DA:35,0
DA:37,0
DA:38,0
DA:39,0
DA:40,0
DA:43,0
DA:46,0
DA:54,0
DA:55,0
DA:59,0
DA:60,0
DA:61,0
DA:62,0
DA:66,0
DA:74,0
DA:76,0
DA:83,0
DA:84,0
DA:85,0
DA:86,0
DA:89,0
DA:90,0
DA:93,0
DA:94,0
DA:98,0
DA:101,0
DA:102,0
DA:108,0
DA:116,0
DA:117,0
DA:118,0
DA:121,0
DA:124,0
DA:125,0
DA:129,0
LF:45
LH:0
BRDA:29,0,0,0
BRDA:29,0,1,0
BRDA:31,1,0,0
BRDA:37,2,0,0
BRDA:37,3,0,0
BRDA:37,3,1,0
BRDA:39,4,0,0
BRDA:54,5,0,0
BRDA:59,6,0,0
BRDA:59,7,0,0
BRDA:59,7,1,0
BRDA:61,8,0,0
BRDA:85,9,0,0
BRDA:93,10,0,0
BRDA:98,11,0,0
BRDA:98,11,1,0
BRDA:101,12,0,0
BRDA:117,13,0,0
BRDA:124,14,0,0
BRDA:124,15,0,0
BRDA:124,15,1,0
BRF:21
BRH:0
end_of_record
TN:
SF:src\middleware\security.ts
FN:19,logSecurityAlert
FN:37,recordFailedLogin
FN:55,clearFailedLogin
FN:67,checkRedisRateLimit
FN:85,blockSensitiveFiles
FN:99,(anonymous_5)
FN:112,setSecurityHeaders
FN:128,authRateLimiter
FN:173,globalRateLimiter
FN:215,cleanHTML
FN:222,sanitizeObject
FN:242,sanitizeInputs
FNF:12
FNH:0
FNDA:0,logSecurityAlert
FNDA:0,recordFailedLogin
FNDA:0,clearFailedLogin
FNDA:0,checkRedisRateLimit
FNDA:0,blockSensitiveFiles
FNDA:0,(anonymous_5)
FNDA:0,setSecurityHeaders
FNDA:0,authRateLimiter
FNDA:0,globalRateLimiter
FNDA:0,cleanHTML
FNDA:0,sanitizeObject
FNDA:0,sanitizeInputs
DA:2,0
DA:3,0
DA:4,0
DA:6,0
DA:13,0
DA:14,0
DA:19,0
DA:20,0
DA:28,0
DA:31,0
DA:37,0
DA:38,0
DA:39,0
DA:40,0
DA:41,0
DA:42,0
DA:43,0
DA:45,0
DA:46,0
DA:55,0
DA:56,0
DA:57,0
DA:58,0
DA:59,0
DA:68,0
DA:69,0
DA:71,0
DA:72,0
DA:73,0
DA:74,0
DA:76,0
DA:77,0
DA:79,0
DA:85,0
DA:86,0
DA:87,0
DA:99,0
DA:100,0
DA:101,0
DA:106,0
DA:112,0
DA:113,0
DA:114,0
DA:115,0
DA:116,0
DA:117,0
DA:121,0
DA:128,0
DA:129,0
DA:130,0
DA:131,0
DA:132,0
DA:133,0
DA:135,0
DA:136,0
DA:137,0
DA:138,0
DA:139,0
DA:144,0
DA:147,0
DA:148,0
DA:149,0
DA:150,0
DA:152,0
DA:153,0
DA:154,0
DA:155,0
DA:157,0
DA:158,0
DA:159,0
DA:160,0
DA:161,0
DA:166,0
DA:173,0
DA:174,0
DA:175,0
DA:176,0
DA:177,0
DA:178,0
DA:180,0
DA:181,0
DA:182,0
DA:183,0
DA:184,0
DA:189,0
DA:192,0
DA:193,0
DA:194,0
DA:195,0
DA:197,0
DA:198,0
DA:199,0
DA:200,0
DA:202,0
DA:203,0
DA:204,0
DA:205,0
DA:206,0
DA:211,0
DA:216,0
DA:223,0
DA:224,0
DA:226,0
DA:227,0
DA:229,0
DA:230,0
DA:231,0
DA:232,0
DA:234,0
DA:236,0
DA:242,0
DA:243,0
DA:244,0
DA:246,0
LF:114
LH:0
BRDA:40,0,0,0
BRDA:40,1,0,0
BRDA:40,1,1,0
BRDA:42,2,0,0
BRDA:45,3,0,0
BRDA:58,4,0,0
BRDA:58,5,0,0
BRDA:58,5,1,0
BRDA:68,6,0,0
BRDA:68,7,0,0
BRDA:68,7,1,0
BRDA:73,8,0,0
BRDA:73,8,1,0
BRDA:77,9,0,0
BRDA:99,10,0,0
BRDA:99,10,1,0
BRDA:100,11,0,0
BRDA:129,12,0,0
BRDA:129,12,1,0
BRDA:129,12,2,0
BRDA:137,13,0,0
BRDA:148,14,0,0
BRDA:152,15,0,0
BRDA:158,16,0,0
BRDA:174,17,0,0
BRDA:174,17,1,0
BRDA:174,17,2,0
BRDA:182,18,0,0
BRDA:193,19,0,0
BRDA:197,20,0,0
BRDA:203,21,0,0
BRDA:223,22,0,0
BRDA:226,23,0,0
BRDA:229,24,0,0
BRDA:229,25,0,0
BRDA:229,25,1,0
BRDA:243,26,0,0
BRF:37
BRH:0
end_of_record
TN:
SF:src\routes\admin.ts
FN:14,(anonymous_0)
FN:32,(anonymous_1)
FN:33,(anonymous_2)
FN:36,(anonymous_3)
FN:99,(anonymous_4)
FN:112,(anonymous_5)
FN:125,(anonymous_6)
FN:148,(anonymous_7)
FN:167,(anonymous_8)
FNF:9
FNH:0
FNDA:0,(anonymous_0)
FNDA:0,(anonymous_1)
FNDA:0,(anonymous_2)
FNDA:0,(anonymous_3)
FNDA:0,(anonymous_4)
FNDA:0,(anonymous_5)
FNDA:0,(anonymous_6)
FNDA:0,(anonymous_7)
FNDA:0,(anonymous_8)
DA:1,0
DA:2,0
DA:3,0
DA:4,0
DA:5,0
DA:7,0
DA:8,0
DA:14,0
DA:15,0
DA:17,0
DA:18,0
DA:21,0
DA:27,0
DA:29,0
DA:30,0
DA:32,0
DA:33,0
DA:35,0
DA:37,0
DA:39,0
DA:40,0
DA:41,0
DA:42,0
DA:45,0
DA:46,0
DA:48,0
DA:49,0
DA:50,0
DA:51,0
DA:54,0
DA:55,0
DA:56,0
DA:57,0
DA:61,0
DA:62,0
DA:63,0
DA:64,0
DA:65,0
DA:69,0
DA:70,0
DA:71,0
DA:72,0
DA:75,0
DA:77,0
DA:87,0
DA:92,0
DA:101,0
DA:103,0
DA:104,0
DA:112,0
DA:113,0
DA:114,0
DA:115,0
DA:117,0
DA:125,0
DA:126,0
DA:127,0
DA:128,0
DA:131,0
DA:132,0
DA:138,0
DA:140,0
DA:148,0
DA:149,0
DA:150,0
DA:157,0
DA:159,0
DA:167,0
DA:168,0
DA:169,0
DA:170,0
DA:172,0
DA:176,0
LF:73
LH:0
BRDA:17,0,0,0
BRDA:17,1,0,0
BRDA:17,1,1,0
BRDA:39,2,0,0
BRDA:39,3,0,0
BRDA:39,3,1,0
BRDA:39,3,2,0
BRDA:39,3,3,0
BRDA:39,3,4,0
BRDA:48,4,0,0
BRDA:54,5,0,0
BRDA:62,6,0,0
BRDA:69,7,0,0
BRDA:127,8,0,0
BRDA:127,9,0,0
BRDA:127,9,1,0
BRDA:127,9,2,0
BRDA:127,9,3,0
BRF:18
BRH:0
end_of_record
TN:
SF:src\routes\ai-chat.ts
FN:20,checkRateLimit
FN:35,buildSystemPrompt
FN:117,(anonymous_2)
FN:159,(anonymous_3)
FN:193,(anonymous_4)
FNF:5
FNH:0
FNDA:0,checkRateLimit
FNDA:0,buildSystemPrompt
FNDA:0,(anonymous_2)
FNDA:0,(anonymous_3)
FNDA:0,(anonymous_4)
DA:1,0
DA:2,0
DA:4,0
DA:5,0
DA:10,0
DA:11,0
DA:16,0
DA:17,0
DA:18,0
DA:21,0
DA:22,0
DA:23,0
DA:24,0
DA:25,0
DA:27,0
DA:28,0
DA:29,0
DA:36,0
DA:38,0
DA:39,0
DA:56,0
DA:57,0
DA:58,0
DA:59,0
DA:60,0
DA:61,0
DA:62,0
DA:63,0
DA:64,0
DA:65,0
DA:72,0
DA:117,0
DA:118,0
DA:121,0
DA:122,0
DA:127,0
DA:128,0
DA:129,0
DA:133,0
DA:134,0
DA:135,0
DA:140,0
DA:141,0
DA:146,0
DA:147,0
DA:149,0
DA:159,0
DA:166,0
DA:167,0
DA:168,0
DA:171,0
DA:176,0
DA:177,0
DA:179,0
DA:181,0
DA:184,0
DA:193,0
DA:194,0
DA:201,0
LF:59
LH:0
BRDA:11,0,0,0
BRDA:11,0,1,0
BRDA:23,1,0,0
BRDA:23,2,0,0
BRDA:23,2,1,0
BRDA:27,3,0,0
BRDA:56,4,0,0
BRDA:118,5,0,0
BRDA:118,5,1,0
BRDA:118,5,2,0
BRDA:121,6,0,0
BRDA:128,7,0,0
BRDA:128,8,0,0
BRDA:128,8,1,0
BRDA:128,8,2,0
BRDA:134,9,0,0
BRDA:134,10,0,0
BRDA:134,10,1,0
BRDA:134,10,2,0
BRDA:140,11,0,0
BRDA:166,12,0,0
BRDA:177,13,0,0
BRDA:177,13,1,0
BRDA:195,14,0,0
BRDA:195,14,1,0
BRF:25
BRH:0
end_of_record
TN:
SF:src\routes\auth.ts
FN:17,(anonymous_1)
FN:61,(anonymous_2)
FN:88,(anonymous_3)
FN:125,(anonymous_4)
FN:180,(anonymous_5)
FNF:5
FNH:0
FNDA:0,(anonymous_1)
FNDA:0,(anonymous_2)
FNDA:0,(anonymous_3)
FNDA:0,(anonymous_4)
FNDA:0,(anonymous_5)
DA:1,0
DA:2,0
DA:3,0
DA:4,0
DA:5,0
DA:6,0
DA:7,0
DA:8,0
DA:10,0
DA:11,0
DA:17,0
DA:19,0
DA:20,0
DA:22,0
DA:23,0
DA:26,0
DA:27,0
DA:35,0
DA:36,0
DA:37,0
DA:40,0
DA:41,0
DA:42,0
DA:43,0
DA:47,0
DA:54,0
DA:63,0
DA:65,0
DA:79,0
DA:80,0
DA:88,0
DA:89,0
DA:90,0
DA:93,0
DA:94,0
DA:102,0
DA:103,0
DA:106,0
DA:117,0
DA:125,0
DA:126,0
DA:128,0
DA:129,0
DA:132,0
DA:133,0
DA:137,0
DA:138,0
DA:141,0
DA:142,0
DA:143,0
DA:147,0
DA:148,0
DA:154,0
DA:155,0
DA:164,0
DA:165,0
DA:166,0
DA:167,0
DA:170,0
DA:172,0
DA:180,0
DA:181,0
DA:182,0
DA:184,0
DA:186,0
DA:189,0
DA:192,0
LF:67
LH:0
BRDA:19,0,0,0
BRDA:19,0,1,0
BRDA:22,1,0,0
BRDA:22,2,0,0
BRDA:22,2,1,0
BRDA:35,3,0,0
BRDA:36,4,0,0
BRDA:36,4,1,0
BRDA:41,5,0,0
BRDA:42,6,0,0
BRDA:42,6,1,0
BRDA:63,7,0,0
BRDA:63,7,1,0
BRDA:89,8,0,0
BRDA:102,9,0,0
BRDA:128,10,0,0
BRDA:128,11,0,0
BRDA:128,11,1,0
BRDA:128,11,2,0
BRDA:137,12,0,0
BRDA:142,13,0,0
BRDA:147,14,0,0
BRDA:165,15,0,0
BRDA:165,15,1,0
BRDA:166,16,0,0
BRDA:166,17,0,0
BRDA:166,17,1,0
BRDA:166,17,2,0
BRDA:182,18,0,0
BRDA:182,18,1,0
BRDA:184,19,0,0
BRDA:184,20,0,0
BRDA:184,20,1,0
BRDA:184,20,2,0
BRF:34
BRH:0
end_of_record
TN:
SF:src\routes\chat.ts
FN:13,(anonymous_0)
FN:43,(anonymous_1)
FN:72,(anonymous_2)
FNF:3
FNH:0
FNDA:0,(anonymous_0)
FNDA:0,(anonymous_1)
FNDA:0,(anonymous_2)
DA:1,0
DA:2,0
DA:3,0
DA:4,0
DA:6,0
DA:7,0
DA:13,0
DA:14,0
DA:16,0
DA:20,0
DA:33,0
DA:35,0
DA:43,0
DA:44,0
DA:45,0
DA:46,0
DA:62,0
DA:64,0
DA:72,0
DA:73,0
DA:74,0
DA:75,0
DA:78,0
DA:80,0
DA:102,0
DA:108,0
DA:110,0
DA:112,0
DA:113,0
DA:117,0
LF:30
LH:0
BRDA:14,0,0,0
BRDA:74,1,0,0
BRDA:74,2,0,0
BRDA:74,2,1,0
BRDA:74,2,2,0
BRDA:74,2,3,0
BRDA:74,2,4,0
BRDA:84,3,0,0
BRDA:84,3,1,0
BRF:9
BRH:0
end_of_record
TN:
SF:src\routes\compatibility.ts
FN:10,formatIncident
FN:40,(anonymous_1)
FN:61,(anonymous_2)
FN:116,(anonymous_3)
FN:157,(anonymous_4)
FN:205,(anonymous_5)
FN:219,(anonymous_6)
FN:237,(anonymous_7)
FNF:8
FNH:0
FNDA:0,formatIncident
FNDA:0,(anonymous_1)
FNDA:0,(anonymous_2)
FNDA:0,(anonymous_3)
FNDA:0,(anonymous_4)
FNDA:0,(anonymous_5)
FNDA:0,(anonymous_6)
FNDA:0,(anonymous_7)
DA:1,0
DA:2,0
DA:3,0
DA:4,0
DA:6,0
DA:7,0
DA:11,0
DA:40,0
DA:41,0
DA:42,0
DA:43,0
DA:44,0
DA:46,0
DA:51,0
DA:53,0
DA:61,0
DA:62,0
DA:63,0
DA:64,0
DA:67,0
DA:68,0
DA:72,0
DA:74,0
DA:77,0
DA:93,0
DA:102,0
DA:103,0
DA:105,0
DA:107,0
DA:108,0
DA:116,0
DA:117,0
DA:118,0
DA:120,0
DA:121,0
DA:122,0
DA:124,0
DA:126,0
DA:136,0
DA:145,0
DA:147,0
DA:149,0
DA:157,0
DA:158,0
DA:159,0
DA:160,0
DA:162,0
DA:163,0
DA:164,0
DA:166,0
DA:168,0
DA:183,0
DA:192,0
DA:193,0
DA:195,0
DA:197,0
DA:205,0
DA:206,0
DA:207,0
DA:208,0
DA:219,0
DA:229,0
DA:237,0
DA:238,0
DA:239,0
DA:241,0
DA:242,0
DA:254,0
DA:263,0
DA:267,0
LF:70
LH:0
BRDA:23,0,0,0
BRDA:23,0,1,0
BRDA:30,1,0,0
BRDA:30,1,1,0
BRDA:44,2,0,0
BRDA:63,3,0,0
BRDA:63,4,0,0
BRDA:63,4,1,0
BRDA:63,4,2,0
BRDA:72,5,0,0
BRDA:118,6,0,0
BRDA:122,7,0,0
BRDA:160,8,0,0
BRDA:164,9,0,0
BRDA:206,10,0,0
BRDA:239,11,0,0
BRDA:239,12,0,0
BRDA:239,12,1,0
BRDA:239,12,2,0
BRDA:260,13,0,0
BRDA:260,13,1,0
BRF:21
BRH:0
end_of_record
TN:
SF:src\routes\departments.ts
FN:12,(anonymous_0)
FN:30,(anonymous_1)
FN:50,(anonymous_2)
FNF:3
FNH:0
FNDA:0,(anonymous_0)
FNDA:0,(anonymous_1)
FNDA:0,(anonymous_2)
DA:1,0
DA:2,0
DA:3,0
DA:5,0
DA:6,0
DA:12,0
DA:13,0
DA:14,0
DA:20,0
DA:22,0
DA:30,0
DA:31,0
DA:32,0
DA:33,0
DA:36,0
DA:37,0
DA:40,0
DA:42,0
DA:50,0
DA:51,0
DA:52,0
DA:55,0
DA:57,0
DA:61,0
LF:24
LH:0
BRDA:32,0,0,0
BRDA:32,1,0,0
BRDA:32,1,1,0
BRF:3
BRH:0
end_of_record
TN:
SF:src\routes\documents.ts
FN:13,isDepartmentBlocked
FN:27,(anonymous_1)
FN:105,(anonymous_2)
FN:131,(anonymous_3)
FN:176,(anonymous_4)
FN:206,(anonymous_5)
FN:282,(anonymous_6)
FN:335,(anonymous_7)
FN:349,(anonymous_8)
FNF:9
FNH:0
FNDA:0,isDepartmentBlocked
FNDA:0,(anonymous_1)
FNDA:0,(anonymous_2)
FNDA:0,(anonymous_3)
FNDA:0,(anonymous_4)
FNDA:0,(anonymous_5)
FNDA:0,(anonymous_6)
FNDA:0,(anonymous_7)
FNDA:0,(anonymous_8)
DA:1,0
DA:2,0
DA:3,0
DA:4,0
DA:6,0
DA:7,0
DA:14,0
DA:20,0
DA:27,0
DA:28,0
DA:29,0
DA:30,0
DA:33,0
DA:35,0
DA:36,0
DA:37,0
DA:44,0
DA:48,0
DA:49,0
DA:50,0
DA:52,0
DA:53,0
DA:54,0
DA:55,0
DA:56,0
DA:59,0
DA:66,0
DA:68,0
DA:69,0
DA:74,0
DA:92,0
DA:103,0
DA:104,0
DA:106,0
DA:118,0
DA:120,0
DA:122,0
DA:123,0
DA:131,0
DA:132,0
DA:134,0
DA:135,0
DA:136,0
DA:138,0
DA:144,0
DA:149,0
DA:150,0
DA:153,0
DA:156,0
DA:166,0
DA:168,0
DA:176,0
DA:177,0
DA:178,0
DA:179,0
DA:181,0
DA:182,0
DA:186,0
DA:187,0
DA:191,0
DA:192,0
DA:195,0
DA:199,0
DA:200,0
DA:201,0
DA:202,0
DA:204,0
DA:205,0
DA:206,0
DA:208,0
DA:209,0
DA:210,0
DA:213,0
DA:220,0
DA:222,0
DA:223,0
DA:227,0
DA:228,0
DA:229,0
DA:231,0
DA:269,0
DA:271,0
DA:273,0
DA:274,0
DA:282,0
DA:283,0
DA:284,0
DA:285,0
DA:287,0
DA:288,0
DA:292,0
DA:293,0
DA:296,0
DA:297,0
DA:300,0
DA:323,0
DA:325,0
DA:327,0
DA:335,0
DA:336,0
DA:337,0
DA:340,0
DA:347,0
DA:348,0
DA:351,0
DA:361,0
DA:372,0
DA:384,0
DA:386,0
DA:387,0
DA:391,0
LF:111
LH:0
BRDA:29,0,0,0
BRDA:29,1,0,0
BRDA:29,1,1,0
BRDA:29,1,2,0
BRDA:29,1,3,0
BRDA:36,2,0,0
BRDA:36,3,0,0
BRDA:36,3,1,0
BRDA:36,3,2,0
BRDA:52,4,0,0
BRDA:54,5,0,0
BRDA:54,6,0,0
BRDA:54,6,1,0
BRDA:62,7,0,0
BRDA:62,7,1,0
BRDA:66,8,0,0
BRDA:66,8,1,0
BRDA:68,9,0,0
BRDA:68,9,1,0
BRDA:103,10,0,0
BRDA:103,11,0,0
BRDA:103,11,1,0
BRDA:132,12,0,0
BRDA:138,13,0,0
BRDA:138,14,0,0
BRDA:138,14,1,0
BRDA:149,15,0,0
BRDA:179,16,0,0
BRDA:186,17,0,0
BRDA:191,18,0,0
BRDA:191,19,0,0
BRDA:191,19,1,0
BRDA:204,20,0,0
BRDA:208,21,0,0
BRDA:208,22,0,0
BRDA:208,22,1,0
BRDA:216,23,0,0
BRDA:216,23,1,0
BRDA:220,24,0,0
BRDA:220,24,1,0
BRDA:222,25,0,0
BRDA:222,25,1,0
BRDA:228,26,0,0
BRDA:228,26,1,0
BRDA:229,27,0,0
BRDA:229,27,1,0
BRDA:253,28,0,0
BRDA:253,28,1,0
BRDA:264,29,0,0
BRDA:264,29,1,0
BRDA:285,30,0,0
BRDA:292,31,0,0
BRDA:296,32,0,0
BRDA:296,33,0,0
BRDA:296,33,1,0
BRDA:318,34,0,0
BRDA:318,34,1,0
BRDA:347,35,0,0
BRDA:364,36,0,0
BRDA:364,36,1,0
BRDA:377,37,0,0
BRDA:377,37,1,0
BRF:62
BRH:0
end_of_record
TN:
SF:src\routes\machines.ts
FN:13,(anonymous_0)
FN:28,(anonymous_1)
FN:47,(anonymous_2)
FN:114,(anonymous_3)
FN:140,(anonymous_4)
FN:195,(anonymous_5)
FN:260,(anonymous_6)
FN:279,(anonymous_7)
FN:280,(anonymous_8)
FN:294,(anonymous_9)
FNF:10
FNH:0
FNDA:0,(anonymous_0)
FNDA:0,(anonymous_1)
FNDA:0,(anonymous_2)
FNDA:0,(anonymous_3)
FNDA:0,(anonymous_4)
FNDA:0,(anonymous_5)
FNDA:0,(anonymous_6)
FNDA:0,(anonymous_7)
FNDA:0,(anonymous_8)
FNDA:0,(anonymous_9)
DA:1,0
DA:2,0
DA:3,0
DA:4,0
DA:6,0
DA:7,0
DA:13,0
DA:14,0
DA:15,0
DA:18,0
DA:20,0
DA:28,0
DA:29,0
DA:30,0
DA:31,0
DA:34,0
DA:35,0
DA:37,0
DA:39,0
DA:47,0
DA:48,0
DA:49,0
DA:50,0
DA:53,0
DA:54,0
DA:58,0
DA:59,0
DA:63,0
DA:86,0
DA:96,0
DA:97,0
DA:99,0
DA:105,0
DA:106,0
DA:114,0
DA:115,0
DA:116,0
DA:117,0
DA:118,0
DA:119,0
DA:121,0
DA:130,0
DA:132,0
DA:140,0
DA:141,0
DA:142,0
DA:144,0
DA:145,0
DA:149,0
DA:150,0
DA:153,0
DA:154,0
DA:157,0
DA:159,0
DA:173,0
DA:183,0
DA:185,0
DA:187,0
DA:195,0
DA:196,0
DA:197,0
DA:199,0
DA:200,0
DA:203,0
DA:204,0
DA:208,0
DA:209,0
DA:212,0
DA:213,0
DA:215,0
DA:216,0
DA:217,0
DA:218,0
DA:221,0
DA:237,0
DA:247,0
DA:248,0
DA:250,0
DA:252,0
DA:260,0
DA:261,0
DA:263,0
DA:264,0
DA:265,0
DA:268,0
DA:276,0
DA:277,0
DA:278,0
DA:279,0
DA:280,0
DA:281,0
DA:282,0
DA:286,0
DA:293,0
DA:295,0
DA:299,0
DA:308,0
DA:318,0
DA:333,0
DA:334,0
DA:338,0
LF:101
LH:0
BRDA:34,0,0,0
BRDA:49,1,0,0
BRDA:49,2,0,0
BRDA:49,2,1,0
BRDA:49,2,2,0
BRDA:58,3,0,0
BRDA:118,4,0,0
BRDA:142,5,0,0
BRDA:149,6,0,0
BRDA:153,7,0,0
BRDA:199,8,0,0
BRDA:199,9,0,0
BRDA:199,9,1,0
BRDA:199,9,2,0
BRDA:208,10,0,0
BRDA:215,11,0,0
BRDA:240,12,0,0
BRDA:240,12,1,0
BRDA:242,13,0,0
BRDA:242,13,1,0
BRDA:278,14,0,0
BRDA:279,15,0,0
BRDA:279,15,1,0
BRDA:280,16,0,0
BRDA:280,16,1,0
BRDA:300,17,0,0
BRDA:300,17,1,0
BRDA:301,18,0,0
BRDA:301,18,1,0
BRF:29
BRH:0
end_of_record
TN:
SF:src\routes\notifications.ts
FN:13,authenticateToken
FN:49,(anonymous_2)
FN:109,(anonymous_3)
FN:152,(anonymous_4)
FN:166,(anonymous_5)
FN:199,(anonymous_6)
FN:220,(anonymous_7)
FN:247,(anonymous_8)
FN:295,(anonymous_9)
FN:352,(anonymous_10)
FN:405,(anonymous_11)
FN:462,(anonymous_12)
FNF:12
FNH:0
FNDA:0,authenticateToken
FNDA:0,(anonymous_2)
FNDA:0,(anonymous_3)
FNDA:0,(anonymous_4)
FNDA:0,(anonymous_5)
FNDA:0,(anonymous_6)
FNDA:0,(anonymous_7)
FNDA:0,(anonymous_8)
FNDA:0,(anonymous_9)
FNDA:0,(anonymous_10)
FNDA:0,(anonymous_11)
FNDA:0,(anonymous_12)
DA:1,0
DA:2,0
DA:3,0
DA:4,0
DA:6,0
DA:7,0
DA:16,0
DA:18,0
DA:19,0
DA:27,0
DA:31,0
DA:49,0
DA:50,0
DA:51,0
DA:52,0
DA:53,0
DA:59,0
DA:62,0
DA:63,0
DA:69,0
DA:70,0
DA:76,0
DA:84,0
DA:96,0
DA:97,0
DA:109,0
DA:110,0
DA:111,0
DA:112,0
DA:113,0
DA:119,0
DA:122,0
DA:126,0
DA:127,0
DA:133,0
DA:135,0
DA:140,0
DA:141,0
DA:152,0
DA:153,0
DA:154,0
DA:155,0
DA:156,0
DA:162,0
DA:164,0
DA:166,0
DA:177,0
DA:178,0
DA:199,0
DA:200,0
DA:201,0
DA:202,0
DA:203,0
DA:209,0
DA:211,0
DA:218,0
DA:220,0
DA:235,0
DA:236,0
DA:247,0
DA:248,0
DA:249,0
DA:250,0
DA:251,0
DA:257,0
DA:260,0
DA:264,0
DA:265,0
DA:271,0
DA:273,0
DA:279,0
DA:280,0
DA:295,0
DA:296,0
DA:297,0
DA:298,0
DA:299,0
DA:305,0
DA:310,0
DA:311,0
DA:322,0
DA:332,0
DA:333,0
DA:352,0
DA:353,0
DA:354,0
DA:355,0
DA:356,0
DA:362,0
DA:364,0
DA:371,0
DA:377,0
DA:378,0
DA:405,0
DA:406,0
DA:407,0
DA:408,0
DA:409,0
DA:415,0
DA:417,0
DA:418,0
DA:424,0
DA:425,0
DA:426,0
DA:427,0
DA:429,0
DA:438,0
DA:444,0
DA:445,0
DA:462,0
DA:463,0
DA:464,0
DA:465,0
DA:467,0
DA:475,0
DA:476,0
DA:483,0
LF:117
LH:0
BRDA:18,0,0,0
BRDA:52,1,0,0
BRDA:62,2,0,0
BRDA:62,3,0,0
BRDA:62,3,1,0
BRDA:69,4,0,0
BRDA:112,5,0,0
BRDA:126,6,0,0
BRDA:126,7,0,0
BRDA:126,7,1,0
BRDA:155,8,0,0
BRDA:202,9,0,0
BRDA:209,10,0,0
BRDA:209,11,0,0
BRDA:212,12,0,0
BRDA:212,12,1,0
BRDA:213,13,0,0
BRDA:213,13,1,0
BRDA:250,14,0,0
BRDA:264,15,0,0
BRDA:264,16,0,0
BRDA:264,16,1,0
BRDA:298,17,0,0
BRDA:310,18,0,0
BRDA:355,19,0,0
BRDA:408,20,0,0
BRDA:417,21,0,0
BRDA:417,22,0,0
BRDA:417,22,1,0
BRDA:417,22,2,0
BRDA:434,23,0,0
BRDA:434,23,1,0
BRF:32
BRH:0
end_of_record
TN:
SF:src\routes\recruitment.ts
FN:20,(anonymous_10)
FN:23,(anonymous_11)
FN:33,(anonymous_12)
FN:165,ensureJobsExist
FN:179,(anonymous_14)
FN:190,(anonymous_15)
FN:233,(anonymous_16)
FN:265,(anonymous_17)
FN:336,(anonymous_18)
FN:389,(anonymous_19)
FN:438,(anonymous_20)
FN:482,(anonymous_21)
FN:549,(anonymous_22)
FN:583,(anonymous_23)
FN:601,(anonymous_24)
FN:625,(anonymous_25)
FN:652,(anonymous_26)
FN:686,(anonymous_27)
FN:711,(anonymous_28)
FN:724,(anonymous_29)
FN:750,(anonymous_30)
FN:789,(anonymous_31)
FN:867,normalizeHeader
FN:875,mapRow
FN:913,(anonymous_34)
FN:914,(anonymous_35)
FN:924,(anonymous_36)
FN:1012,(anonymous_37)
FNF:28
FNH:0
FNDA:0,(anonymous_10)
FNDA:0,(anonymous_11)
FNDA:0,(anonymous_12)
FNDA:0,ensureJobsExist
FNDA:0,(anonymous_14)
FNDA:0,(anonymous_15)
FNDA:0,(anonymous_16)
FNDA:0,(anonymous_17)
FNDA:0,(anonymous_18)
FNDA:0,(anonymous_19)
FNDA:0,(anonymous_20)
FNDA:0,(anonymous_21)
FNDA:0,(anonymous_22)
FNDA:0,(anonymous_23)
FNDA:0,(anonymous_24)
FNDA:0,(anonymous_25)
FNDA:0,(anonymous_26)
FNDA:0,(anonymous_27)
FNDA:0,(anonymous_28)
FNDA:0,(anonymous_29)
FNDA:0,(anonymous_30)
FNDA:0,(anonymous_31)
FNDA:0,normalizeHeader
FNDA:0,mapRow
FNDA:0,(anonymous_34)
FNDA:0,(anonymous_35)
FNDA:0,(anonymous_36)
FNDA:0,(anonymous_37)
DA:1,0
DA:2,0
DA:3,0
DA:4,0
DA:5,0
DA:6,0
DA:8,0
DA:9,0
DA:14,0
DA:15,0
DA:16,0
DA:19,0
DA:21,0
DA:24,0
DA:25,0
DA:26,0
DA:30,0
DA:34,0
DA:35,0
DA:36,0
DA:37,0
DA:39,0
DA:47,0
DA:166,0
DA:167,0
DA:168,0
DA:169,0
DA:170,0
DA:172,0
DA:179,0
DA:180,0
DA:181,0
DA:183,0
DA:184,0
DA:190,0
DA:191,0
DA:192,0
DA:194,0
DA:196,0
DA:197,0
DA:198,0
DA:200,0
DA:202,0
DA:203,0
DA:210,0
DA:211,0
DA:212,0
DA:214,0
DA:223,0
DA:225,0
DA:226,0
DA:233,0
DA:234,0
DA:235,0
DA:237,0
DA:245,0
DA:246,0
DA:250,0
DA:255,0
DA:257,0
DA:258,0
DA:265,0
DA:266,0
DA:267,0
DA:269,0
DA:270,0
DA:274,0
DA:275,0
DA:276,0
DA:280,0
DA:281,0
DA:282,0
DA:285,0
DA:286,0
DA:288,0
DA:289,0
DA:290,0
DA:293,0
DA:294,0
DA:297,0
DA:310,0
DA:315,0
DA:328,0
DA:329,0
DA:336,0
DA:337,0
DA:338,0
DA:340,0
DA:341,0
DA:344,0
DA:345,0
DA:365,0
DA:366,0
DA:369,0
DA:381,0
DA:382,0
DA:389,0
DA:390,0
DA:391,0
DA:392,0
DA:393,0
DA:398,0
DA:412,0
DA:424,0
DA:425,0
DA:426,0
DA:427,0
DA:431,0
DA:432,0
DA:433,0
DA:435,0
DA:436,0
DA:437,0
DA:438,0
DA:441,0
DA:442,0
DA:443,0
DA:445,0
DA:446,0
DA:447,0
DA:448,0
DA:451,0
DA:452,0
DA:453,0
DA:454,0
DA:455,0
DA:456,0
DA:458,0
DA:467,0
DA:472,0
DA:474,0
DA:475,0
DA:482,0
DA:483,0
DA:485,0
DA:486,0
DA:489,0
DA:490,0
DA:495,0
DA:496,0
DA:500,0
DA:504,0
DA:505,0
DA:508,0
DA:509,0
DA:510,0
DA:513,0
DA:525,0
DA:530,0
DA:541,0
DA:542,0
DA:549,0
DA:550,0
DA:551,0
DA:553,0
DA:554,0
DA:557,0
DA:558,0
DA:559,0
DA:563,0
DA:567,0
DA:568,0
DA:572,0
DA:575,0
DA:576,0
DA:583,0
DA:584,0
DA:587,0
DA:591,0
DA:592,0
DA:594,0
DA:601,0
DA:602,0
DA:603,0
DA:604,0
DA:605,0
DA:606,0
DA:608,0
DA:616,0
DA:618,0
DA:625,0
DA:626,0
DA:627,0
DA:628,0
DA:630,0
DA:631,0
DA:634,0
DA:635,0
DA:643,0
DA:645,0
DA:652,0
DA:653,0
DA:655,0
DA:656,0
DA:659,0
DA:660,0
DA:677,0
DA:679,0
DA:686,0
DA:687,0
DA:688,0
DA:689,0
DA:691,0
DA:692,0
DA:693,0
DA:697,0
DA:698,0
DA:702,0
DA:704,0
DA:711,0
DA:712,0
DA:713,0
DA:714,0
DA:715,0
DA:717,0
DA:724,0
DA:725,0
DA:726,0
DA:741,0
DA:743,0
DA:750,0
DA:751,0
DA:752,0
DA:754,0
DA:755,0
DA:756,0
DA:757,0
DA:758,0
DA:759,0
DA:761,0
DA:767,0
DA:768,0
DA:774,0
DA:776,0
DA:783,0
DA:786,0
DA:790,0
DA:791,0
DA:792,0
DA:793,0
DA:795,0
DA:801,0
DA:868,0
DA:876,0
DA:877,0
DA:879,0
DA:880,0
DA:881,0
DA:883,0
DA:884,0
DA:886,0
DA:887,0
DA:888,0
DA:890,0
DA:891,0
DA:892,0
DA:896,0
DA:902,0
DA:903,0
DA:904,0
DA:906,0
DA:909,0
DA:914,0
DA:915,0
DA:916,0
DA:917,0
DA:919,0
DA:921,0
DA:925,0
DA:926,0
DA:929,0
DA:931,0
DA:932,0
DA:933,0
DA:934,0
DA:937,0
DA:938,0
DA:940,0
DA:941,0
DA:944,0
DA:952,0
DA:953,0
DA:954,0
DA:957,0
DA:958,0
DA:959,0
DA:960,0
DA:963,0
DA:964,0
DA:965,0
DA:966,0
DA:969,0
DA:970,0
DA:971,0
DA:972,0
DA:975,0
DA:976,0
DA:977,0
DA:978,0
DA:981,0
DA:982,0
DA:983,0
DA:984,0
DA:987,0
DA:988,0
DA:989,0
DA:990,0
DA:992,0
DA:993,0
DA:997,0
DA:1003,0
DA:1004,0
DA:1012,0
DA:1014,0
DA:1016,0
DA:1034,0
DA:1037,0
DA:1053,0
DA:1055,0
DA:1057,0
DA:1058,0
DA:1059,0
DA:1062,0
LF:323
LH:0
BRDA:15,0,0,0
BRDA:36,1,0,0
BRDA:36,1,1,0
BRDA:167,2,0,0
BRDA:180,3,0,0
BRDA:197,4,0,0
BRDA:197,4,1,0
BRDA:202,5,0,0
BRDA:210,6,0,0
BRDA:211,7,0,0
BRDA:212,8,0,0
BRDA:245,9,0,0
BRDA:269,10,0,0
BRDA:269,11,0,0
BRDA:269,11,1,0
BRDA:269,11,2,0
BRDA:269,11,3,0
BRDA:275,12,0,0
BRDA:281,13,0,0
BRDA:289,14,0,0
BRDA:293,15,0,0
BRDA:303,16,0,0
BRDA:303,16,1,0
BRDA:340,17,0,0
BRDA:365,18,0,0
BRDA:392,19,0,0
BRDA:392,19,1,0
BRDA:393,20,0,0
BRDA:393,20,1,0
BRDA:427,21,0,0
BRDA:427,21,1,0
BRDA:437,22,0,0
BRDA:437,22,1,0
BRDA:453,23,0,0
BRDA:455,24,0,0
BRDA:455,24,1,0
BRDA:456,25,0,0
BRDA:456,25,1,0
BRDA:485,26,0,0
BRDA:485,27,0,0
BRDA:485,27,1,0
BRDA:495,28,0,0
BRDA:504,29,0,0
BRDA:504,30,0,0
BRDA:504,30,1,0
BRDA:509,31,0,0
BRDA:517,32,0,0
BRDA:517,32,1,0
BRDA:518,33,0,0
BRDA:518,33,1,0
BRDA:519,34,0,0
BRDA:519,34,1,0
BRDA:553,35,0,0
BRDA:553,36,0,0
BRDA:553,36,1,0
BRDA:558,37,0,0
BRDA:567,38,0,0
BRDA:584,39,0,0
BRDA:587,40,0,0
BRDA:587,40,1,0
BRDA:587,40,2,0
BRDA:587,40,3,0
BRDA:591,41,0,0
BRDA:591,41,1,0
BRDA:605,42,0,0
BRDA:606,43,0,0
BRDA:630,44,0,0
BRDA:630,45,0,0
BRDA:630,45,1,0
BRDA:639,46,0,0
BRDA:639,46,1,0
BRDA:655,47,0,0
BRDA:655,48,0,0
BRDA:655,48,1,0
BRDA:655,48,2,0
BRDA:655,48,3,0
BRDA:655,48,4,0
BRDA:667,49,0,0
BRDA:667,49,1,0
BRDA:668,50,0,0
BRDA:668,50,1,0
BRDA:669,51,0,0
BRDA:669,51,1,0
BRDA:670,52,0,0
BRDA:670,52,1,0
BRDA:671,53,0,0
BRDA:671,53,1,0
BRDA:672,54,0,0
BRDA:672,54,1,0
BRDA:673,55,0,0
BRDA:673,55,1,0
BRDA:674,56,0,0
BRDA:674,56,1,0
BRDA:692,57,0,0
BRDA:693,58,0,0
BRDA:693,58,1,0
BRDA:693,59,0,0
BRDA:693,59,1,0
BRDA:756,60,0,0
BRDA:757,61,0,0
BRDA:758,62,0,0
BRDA:759,63,0,0
BRDA:767,64,0,0
BRDA:792,65,0,0
BRDA:792,65,1,0
BRDA:883,66,0,0
BRDA:883,67,0,0
BRDA:883,67,1,0
BRDA:883,67,2,0
BRDA:886,68,0,0
BRDA:886,68,1,0
BRDA:887,69,0,0
BRDA:887,69,1,0
BRDA:888,70,0,0
BRDA:888,70,1,0
BRDA:891,71,0,0
BRDA:902,72,0,0
BRDA:903,73,0,0
BRDA:904,74,0,0
BRDA:915,75,0,0
BRDA:916,76,0,0
BRDA:925,77,0,0
BRDA:933,78,0,0
BRDA:940,79,0,0
BRDA:957,80,0,0
BRDA:957,81,0,0
BRDA:957,81,1,0
BRDA:963,82,0,0
BRDA:963,83,0,0
BRDA:963,83,1,0
BRDA:969,84,0,0
BRDA:969,85,0,0
BRDA:969,85,1,0
BRDA:975,86,0,0
BRDA:975,87,0,0
BRDA:975,87,1,0
BRDA:981,88,0,0
BRDA:981,89,0,0
BRDA:981,89,1,0
BRDA:999,90,0,0
BRDA:999,90,1,0
BRF:141
BRH:0
end_of_record
TN:
SF:src\services\NotificationDispatcher.ts
FN:65,(anonymous_0)
FN:100,(anonymous_1)
FN:161,(anonymous_2)
FN:162,(anonymous_3)
FN:199,(anonymous_4)
FN:219,(anonymous_5)
FN:249,(anonymous_6)
FN:264,(anonymous_7)
FN:304,(anonymous_8)
FN:356,(anonymous_9)
FN:373,(anonymous_10)
FNF:11
FNH:11
FNDA:8,(anonymous_0)
FNDA:9,(anonymous_1)
FNDA:7,(anonymous_2)
FNDA:7,(anonymous_3)
FNDA:1,(anonymous_4)
FNDA:2,(anonymous_5)
FNDA:2,(anonymous_6)
FNDA:2,(anonymous_7)
FNDA:2,(anonymous_8)
FNDA:1,(anonymous_9)
FNDA:1,(anonymous_10)
DA:1,1
DA:32,1
DA:45,1
DA:66,8
DA:68,8
DA:71,8
DA:72,8
DA:75,8
DA:76,8
DA:77,9
DA:82,9
DA:85,8
DA:91,0
DA:92,0
DA:104,9
DA:106,9
DA:111,8
DA:112,1
DA:113,1
DA:117,7
DA:122,7
DA:123,1
DA:124,1
DA:127,6
DA:128,1
DA:129,1
DA:133,5
DA:140,5
DA:141,1
DA:142,1
DA:146,4
DA:158,4
DA:161,7
DA:162,7
DA:164,4
DA:167,4
DA:171,4
DA:172,3
DA:175,4
DA:176,3
DA:179,4
DA:187,1
DA:188,1
DA:200,1
DA:201,1
DA:208,1
DA:209,1
DA:211,0
DA:212,0
DA:228,2
DA:229,2
DA:230,2
DA:232,2
DA:233,2
DA:234,2
DA:236,2
DA:246,2
DA:248,2
DA:249,2
DA:256,0
DA:257,0
DA:273,2
DA:274,2
DA:276,2
DA:293,2
DA:294,2
DA:296,0
DA:297,0
DA:311,2
DA:313,2
DA:318,2
DA:320,1
DA:330,1
DA:333,1
DA:343,1
DA:346,2
DA:348,0
DA:349,0
DA:357,1
DA:358,1
DA:362,1
DA:363,1
DA:365,0
DA:366,0
DA:374,1
DA:375,1
DA:383,1
DA:384,1
DA:386,0
DA:387,0
DA:392,1
LF:91
LH:77
BRDA:68,0,0,1
BRDA:68,0,1,7
BRDA:71,1,0,8
BRDA:71,1,1,7
BRDA:72,2,0,8
BRDA:72,2,1,8
BRDA:111,3,0,1
BRDA:117,4,0,7
BRDA:117,4,1,0
BRDA:122,5,0,1
BRDA:127,6,0,1
BRDA:140,7,0,1
BRDA:154,8,0,0
BRDA:154,8,1,4
BRDA:171,9,0,3
BRDA:175,10,0,3
BRDA:221,11,0,0
BRDA:229,12,0,2
BRDA:229,12,1,1
BRDA:230,13,0,2
BRDA:230,13,1,2
BRDA:233,14,0,1
BRDA:234,15,0,0
BRDA:251,16,0,0
BRDA:251,16,1,2
BRDA:274,17,0,2
BRDA:274,17,1,1
BRDA:280,18,0,2
BRDA:280,18,1,1
BRDA:281,19,0,2
BRDA:281,19,1,2
BRDA:282,20,0,2
BRDA:282,20,1,2
BRDA:283,21,0,2
BRDA:283,21,1,1
BRDA:289,22,0,2
BRDA:289,22,1,1
BRDA:318,23,0,1
BRDA:318,23,1,1
BRF:39
BRH:34
end_of_record
TN:
SF:src\services\NotificationQueue.ts
FN:24,initializeFirebase
FN:52,(anonymous_11)
FN:68,(anonymous_12)
FN:190,(anonymous_13)
FN:206,(anonymous_14)
FN:329,updateNotificationStatus
FN:355,(anonymous_16)
FN:359,(anonymous_17)
FN:363,(anonymous_18)
FN:367,(anonymous_19)
FN:374,getQueueStats
FN:388,getRecentJobs
FN:390,(anonymous_22)
FNF:13
FNH:0
FNDA:0,initializeFirebase
FNDA:0,(anonymous_11)
FNDA:0,(anonymous_12)
FNDA:0,(anonymous_13)
FNDA:0,(anonymous_14)
FNDA:0,updateNotificationStatus
FNDA:0,(anonymous_16)
FNDA:0,(anonymous_17)
FNDA:0,(anonymous_18)
FNDA:0,(anonymous_19)
FNDA:0,getQueueStats
FNDA:0,getRecentJobs
FNDA:0,(anonymous_22)
DA:1,0
DA:3,0
DA:4,0
DA:6,0
DA:9,0
DA:22,0
DA:25,0
DA:27,0
DA:30,0
DA:34,0
DA:35,0
DA:37,0
DA:39,0
DA:40,0
DA:52,0
DA:53,0
DA:55,0
DA:57,0
DA:59,0
DA:60,0
DA:62,0
DA:63,0
DA:68,0
DA:77,0
DA:102,0
DA:103,0
DA:106,0
DA:107,0
DA:109,0
DA:111,0
DA:119,0
DA:120,0
DA:123,0
DA:128,0
DA:131,0
DA:134,0
DA:142,0
DA:145,0
DA:156,0
DA:163,0
DA:165,0
DA:172,0
DA:175,0
DA:178,0
DA:190,0
DA:191,0
DA:193,0
DA:195,0
DA:197,0
DA:198,0
DA:200,0
DA:201,0
DA:206,0
DA:215,0
DA:246,0
DA:247,0
DA:250,0
DA:251,0
DA:253,0
DA:255,0
DA:263,0
DA:264,0
DA:267,0
DA:272,0
DA:275,0
DA:278,0
DA:286,0
DA:289,0
DA:300,0
DA:307,0
DA:309,0
DA:316,0
DA:319,0
DA:322,0
DA:335,0
DA:336,0
DA:347,0
DA:355,0
DA:356,0
DA:359,0
DA:360,0
DA:363,0
DA:364,0
DA:367,0
DA:368,0
DA:374,0
DA:375,0
DA:376,0
DA:388,0
DA:389,0
DA:390,0
DA:399,0
LF:92
LH:0
BRDA:11,0,0,0
BRDA:11,0,1,0
BRDA:12,1,0,0
BRDA:12,1,1,0
BRDA:25,2,0,0
BRDA:59,3,0,0
BRDA:83,4,0,0
BRDA:83,4,1,0
BRDA:84,5,0,0
BRDA:84,5,1,0
BRDA:85,6,0,0
BRDA:85,6,1,0
BRDA:95,7,0,0
BRDA:95,7,1,0
BRDA:98,8,0,0
BRDA:98,8,1,0
BRDA:120,9,0,0
BRDA:120,9,1,0
BRDA:131,10,0,0
BRDA:131,11,0,0
BRDA:131,11,1,0
BRDA:139,12,0,0
BRDA:139,12,1,0
BRDA:158,13,0,0
BRDA:158,13,1,0
BRDA:160,14,0,0
BRDA:160,14,1,0
BRDA:197,15,0,0
BRDA:221,16,0,0
BRDA:221,16,1,0
BRDA:222,17,0,0
BRDA:222,17,1,0
BRDA:223,18,0,0
BRDA:223,18,1,0
BRDA:264,19,0,0
BRDA:264,19,1,0
BRDA:275,20,0,0
BRDA:275,21,0,0
BRDA:275,21,1,0
BRDA:283,22,0,0
BRDA:283,22,1,0
BRDA:302,23,0,0
BRDA:302,23,1,0
BRDA:304,24,0,0
BRDA:304,24,1,0
BRDA:332,25,0,0
BRDA:333,26,0,0
BRDA:340,27,0,0
BRDA:340,27,1,0
BRDA:340,28,0,0
BRDA:340,28,1,0
BRDA:343,29,0,0
BRDA:343,29,1,0
BRDA:377,30,0,0
BRDA:377,30,1,0
BRDA:388,31,0,0
BRDA:395,32,0,0
BRDA:395,32,1,0
BRF:58
BRH:0
end_of_record
TN:
SF:src\services\sync.ts
FN:15,runContentSync
FN:152,adminActive
FNF:2
FNH:0
FNDA:0,runContentSync
FNDA:0,adminActive
DA:1,0
DA:3,0
DA:15,0
DA:16,0
DA:19,0
DA:20,0
DA:21,0
DA:22,0
DA:27,0
DA:32,0
DA:33,0
DA:34,0
DA:37,0
DA:39,0
DA:40,0
DA:42,0
DA:43,0
DA:53,0
DA:58,0
DA:60,0
DA:64,0
DA:65,0
DA:66,0
DA:67,0
DA:68,0
DA:71,0
DA:72,0
DA:74,0
DA:76,0
DA:77,0
DA:79,0
DA:80,0
DA:81,0
DA:84,0
DA:85,0
DA:95,0
DA:100,0
DA:102,0
DA:106,0
DA:107,0
DA:108,0
DA:109,0
DA:110,0
DA:113,0
DA:114,0
DA:116,0
DA:117,0
DA:118,0
DA:120,0
DA:121,0
DA:122,0
DA:123,0
DA:126,0
DA:127,0
DA:137,0
DA:143,0
DA:145,0
DA:148,0
DA:153,0
LF:59
LH:0
BRDA:22,0,0,0
BRDA:37,1,0,0
BRDA:42,2,0,0
BRDA:42,3,0,0
BRDA:42,3,1,0
BRDA:67,4,0,0
BRDA:74,5,0,0
BRDA:79,6,0,0
BRDA:79,7,0,0
BRDA:79,7,1,0
BRDA:84,8,0,0
BRDA:109,9,0,0
BRDA:116,10,0,0
BRDA:116,11,0,0
BRDA:116,11,1,0
BRDA:120,12,0,0
BRDA:120,13,0,0
BRDA:120,13,1,0
BRDA:126,14,0,0
BRF:19
BRH:0
end_of_record
TN:
SF:src\utils\crypto.ts
FN:11,hashPassword
FN:20,verifyPassword
FN:44,isPasswordStrong
FNF:3
FNH:0
FNDA:0,hashPassword
FNDA:0,verifyPassword
FNDA:0,isPasswordStrong
DA:1,0
DA:3,0
DA:4,0
DA:5,0
DA:11,0
DA:12,0
DA:13,0
DA:14,0
DA:20,0
DA:21,0
DA:22,0
DA:23,0
DA:24,0
DA:27,0
DA:28,0
DA:29,0
DA:31,0
DA:34,0
DA:36,0
DA:44,0
DA:45,0
DA:46,0
DA:47,0
DA:48,0
DA:49,0
DA:50,0
LF:26
LH:0
BRDA:23,0,0,0
BRDA:23,1,0,0
BRDA:23,1,1,0
BRDA:45,2,0,0
BRDA:50,3,0,0
BRDA:50,3,1,0
BRDA:50,3,2,0
BRDA:50,3,3,0
BRF:8
BRH:0
end_of_record
TN:
SF:src\utils\redis.ts
FN:11,(anonymous_1)
FN:20,(anonymous_2)
FN:24,(anonymous_3)
FNF:3
FNH:0
FNDA:0,(anonymous_1)
FNDA:0,(anonymous_2)
FNDA:0,(anonymous_3)
DA:1,0
DA:3,0
DA:5,0
DA:7,0
DA:8,0
DA:12,0
DA:13,0
DA:14,0
DA:16,0
DA:20,0
DA:21,0
DA:24,0
DA:26,0
DA:29,0
DA:32,0
LF:15
LH:0
BRDA:3,0,0,0
BRDA:3,0,1,0
BRDA:12,1,0,0
BRF:3
BRH:0
end_of_record
TN:
SF:src\utils\seed.ts
FN:6,seedDatabase
FNF:1
FNH:0
FNDA:0,seedDatabase
DA:1,0
DA:2,0
DA:4,0
DA:6,0
DA:7,0
DA:9,0
DA:10,0
DA:11,0
DA:13,0
DA:16,0
DA:17,0
DA:21,0
DA:23,0
DA:26,0
DA:29,0
DA:36,0
DA:43,0
DA:54,0
DA:65,0
DA:76,0
DA:88,0
DA:89,0
DA:90,0
DA:91,0
DA:92,0
DA:93,0
DA:96,0
DA:106,0
DA:117,0
DA:128,0
DA:139,0
DA:150,0
DA:161,0
DA:173,0
DA:186,0
DA:194,0
DA:203,0
DA:204,0
DA:205,0
DA:206,0
DA:208,0
DA:210,0
LF:42
LH:0
BRDA:10,0,0,0
BRDA:16,1,0,0
BRF:2
BRH:0
end_of_record
TN:
SF:src\utils\websocket.ts
FN:6,initWebSocket
FN:14,(anonymous_1)
FN:18,(anonymous_2)
FN:23,(anonymous_3)
FN:34,broadcast
FN:43,emitToRoom
FNF:6
FNH:0
FNDA:0,initWebSocket
FNDA:0,(anonymous_1)
FNDA:0,(anonymous_2)
FNDA:0,(anonymous_3)
FNDA:0,broadcast
FNDA:0,emitToRoom
DA:1,0
DA:4,0
DA:6,0
DA:7,0
DA:14,0
DA:15,0
DA:18,0
DA:19,0
DA:20,0
DA:23,0
DA:24,0
DA:28,0
DA:34,0
DA:35,0
DA:36,0
DA:43,0
DA:44,0
DA:45,0
LF:18
LH:0
BRDA:35,0,0,0
BRDA:44,1,0,0
BRF:2
BRH:0
end_of_record
